INFO: [VRFC 10-2263] Analyzing Verilog file "D:/Users/Ryan/Documents/ECE369a/lab369a/LAB8-11/DatapathComponents/lab8-11/lab8-11.sim/sim_1/impl/timing/Processor_tb_time_impl.v" into library xil_defaultlib
INFO: [VRFC 10-311] analyzing module RAM256X1S_UNIQ_BASE_
INFO: [VRFC 10-311] analyzing module RAM256X1S_HD3200
INFO: [VRFC 10-311] analyzing module RAM256X1S_HD3201
INFO: [VRFC 10-311] analyzing module RAM256X1S_HD3202
INFO: [VRFC 10-311] analyzing module RAM256X1S_HD3203
INFO: [VRFC 10-311] analyzing module RAM256X1S_HD3204
INFO: [VRFC 10-311] analyzing module RAM256X1S_HD3205
INFO: [VRFC 10-311] analyzing module RAM256X1S_HD3206
INFO: [VRFC 10-311] analyzing module RAM256X1S_HD3207
INFO: [VRFC 10-311] analyzing module RAM256X1S_HD3208
INFO: [VRFC 10-311] analyzing module RAM256X1S_HD3209
INFO: [VRFC 10-311] analyzing module RAM256X1S_HD3210
INFO: [VRFC 10-311] analyzing module RAM256X1S_HD3211
INFO: [VRFC 10-311] analyzing module RAM256X1S_HD3212
INFO: [VRFC 10-311] analyzing module RAM256X1S_HD3213
INFO: [VRFC 10-311] analyzing module RAM256X1S_HD3214
INFO: [VRFC 10-311] analyzing module RAM256X1S_HD3215
INFO: [VRFC 10-311] analyzing module RAM256X1S_HD3216
INFO: [VRFC 10-311] analyzing module RAM256X1S_HD3217
INFO: [VRFC 10-311] analyzing module RAM256X1S_HD3218
INFO: [VRFC 10-311] analyzing module RAM256X1S_HD3219
INFO: [VRFC 10-311] analyzing module RAM256X1S_HD3220
INFO: [VRFC 10-311] analyzing module RAM256X1S_HD3221
INFO: [VRFC 10-311] analyzing module RAM256X1S_HD3222
INFO: [VRFC 10-311] analyzing module RAM256X1S_HD3223
INFO: [VRFC 10-311] analyzing module RAM256X1S_HD3224
INFO: [VRFC 10-311] analyzing module RAM256X1S_HD3225
INFO: [VRFC 10-311] analyzing module RAM256X1S_HD3226
INFO: [VRFC 10-311] analyzing module RAM256X1S_HD3227
INFO: [VRFC 10-311] analyzing module RAM256X1S_HD3228
INFO: [VRFC 10-311] analyzing module RAM256X1S_HD3229
INFO: [VRFC 10-311] analyzing module RAM256X1S_HD3230
INFO: [VRFC 10-311] analyzing module RAM256X1S_HD3231
INFO: [VRFC 10-311] analyzing module RAM256X1S_HD3232
INFO: [VRFC 10-311] analyzing module RAM256X1S_HD3233
INFO: [VRFC 10-311] analyzing module RAM256X1S_HD3234
INFO: [VRFC 10-311] analyzing module RAM256X1S_HD3235
INFO: [VRFC 10-311] analyzing module RAM256X1S_HD3236
INFO: [VRFC 10-311] analyzing module RAM256X1S_HD3237
INFO: [VRFC 10-311] analyzing module RAM256X1S_HD3238
INFO: [VRFC 10-311] analyzing module RAM256X1S_HD3239
INFO: [VRFC 10-311] analyzing module RAM256X1S_HD3240
INFO: [VRFC 10-311] analyzing module RAM256X1S_HD3241
INFO: [VRFC 10-311] analyzing module RAM256X1S_HD3242
INFO: [VRFC 10-311] analyzing module RAM256X1S_HD3243
INFO: [VRFC 10-311] analyzing module RAM256X1S_HD3244
INFO: [VRFC 10-311] analyzing module RAM256X1S_HD3245
INFO: [VRFC 10-311] analyzing module RAM256X1S_HD3246
INFO: [VRFC 10-311] analyzing module RAM256X1S_HD3247
INFO: [VRFC 10-311] analyzing module RAM256X1S_HD3248
INFO: [VRFC 10-311] analyzing module RAM256X1S_HD3249
INFO: [VRFC 10-311] analyzing module RAM256X1S_HD3250
INFO: [VRFC 10-311] analyzing module RAM256X1S_HD3251
INFO: [VRFC 10-311] analyzing module RAM256X1S_HD3252
INFO: [VRFC 10-311] analyzing module RAM256X1S_HD3253
INFO: [VRFC 10-311] analyzing module RAM256X1S_HD3254
INFO: [VRFC 10-311] analyzing module RAM256X1S_HD3255
INFO: [VRFC 10-311] analyzing module RAM256X1S_HD3256
INFO: [VRFC 10-311] analyzing module RAM256X1S_HD3257
INFO: [VRFC 10-311] analyzing module RAM256X1S_HD3258
INFO: [VRFC 10-311] analyzing module RAM256X1S_HD3259
INFO: [VRFC 10-311] analyzing module RAM256X1S_HD3260
INFO: [VRFC 10-311] analyzing module RAM256X1S_HD3261
INFO: [VRFC 10-311] analyzing module RAM256X1S_HD3262
INFO: [VRFC 10-311] analyzing module RAM256X1S_HD3263
INFO: [VRFC 10-311] analyzing module RAM256X1S_HD3264
INFO: [VRFC 10-311] analyzing module RAM256X1S_HD3265
INFO: [VRFC 10-311] analyzing module RAM256X1S_HD3266
INFO: [VRFC 10-311] analyzing module RAM256X1S_HD3267
INFO: [VRFC 10-311] analyzing module RAM256X1S_HD3268
INFO: [VRFC 10-311] analyzing module RAM256X1S_HD3269
INFO: [VRFC 10-311] analyzing module RAM256X1S_HD3270
INFO: [VRFC 10-311] analyzing module RAM256X1S_HD3271
INFO: [VRFC 10-311] analyzing module RAM256X1S_HD3272
INFO: [VRFC 10-311] analyzing module RAM256X1S_HD3273
INFO: [VRFC 10-311] analyzing module RAM256X1S_HD3274
INFO: [VRFC 10-311] analyzing module RAM256X1S_HD3275
INFO: [VRFC 10-311] analyzing module RAM256X1S_HD3276
INFO: [VRFC 10-311] analyzing module RAM256X1S_HD3277
INFO: [VRFC 10-311] analyzing module RAM256X1S_HD3278
INFO: [VRFC 10-311] analyzing module RAM256X1S_HD3279
INFO: [VRFC 10-311] analyzing module RAM256X1S_HD3280
INFO: [VRFC 10-311] analyzing module RAM256X1S_HD3281
INFO: [VRFC 10-311] analyzing module RAM256X1S_HD3282
INFO: [VRFC 10-311] analyzing module RAM256X1S_HD3283
INFO: [VRFC 10-311] analyzing module RAM256X1S_HD3284
INFO: [VRFC 10-311] analyzing module RAM256X1S_HD3285
INFO: [VRFC 10-311] analyzing module RAM256X1S_HD3286
INFO: [VRFC 10-311] analyzing module RAM256X1S_HD3287
INFO: [VRFC 10-311] analyzing module RAM256X1S_HD3288
INFO: [VRFC 10-311] analyzing module RAM256X1S_HD3289
INFO: [VRFC 10-311] analyzing module RAM256X1S_HD3290
INFO: [VRFC 10-311] analyzing module RAM256X1S_HD3291
INFO: [VRFC 10-311] analyzing module RAM256X1S_HD3292
INFO: [VRFC 10-311] analyzing module RAM256X1S_HD3293
INFO: [VRFC 10-311] analyzing module RAM256X1S_HD3294
INFO: [VRFC 10-311] analyzing module RAM256X1S_HD3295
INFO: [VRFC 10-311] analyzing module RAM256X1S_HD3296
INFO: [VRFC 10-311] analyzing module RAM256X1S_HD3297
INFO: [VRFC 10-311] analyzing module RAM256X1S_HD3298
INFO: [VRFC 10-311] analyzing module RAM256X1S_HD3299
INFO: [VRFC 10-311] analyzing module RAM256X1S_HD3300
INFO: [VRFC 10-311] analyzing module RAM256X1S_HD3301
INFO: [VRFC 10-311] analyzing module RAM256X1S_HD3302
INFO: [VRFC 10-311] analyzing module RAM256X1S_HD3303
INFO: [VRFC 10-311] analyzing module RAM256X1S_HD3304
INFO: [VRFC 10-311] analyzing module RAM256X1S_HD3305
INFO: [VRFC 10-311] analyzing module RAM256X1S_HD3306
INFO: [VRFC 10-311] analyzing module RAM256X1S_HD3307
INFO: [VRFC 10-311] analyzing module RAM256X1S_HD3308
INFO: [VRFC 10-311] analyzing module RAM256X1S_HD3309
INFO: [VRFC 10-311] analyzing module RAM256X1S_HD3310
INFO: [VRFC 10-311] analyzing module RAM256X1S_HD3311
INFO: [VRFC 10-311] analyzing module RAM256X1S_HD3312
INFO: [VRFC 10-311] analyzing module RAM256X1S_HD3313
INFO: [VRFC 10-311] analyzing module RAM256X1S_HD3314
INFO: [VRFC 10-311] analyzing module RAM256X1S_HD3315
INFO: [VRFC 10-311] analyzing module RAM256X1S_HD3316
INFO: [VRFC 10-311] analyzing module RAM256X1S_HD3317
INFO: [VRFC 10-311] analyzing module RAM256X1S_HD3318
INFO: [VRFC 10-311] analyzing module RAM256X1S_HD3319
INFO: [VRFC 10-311] analyzing module RAM256X1S_HD3320
INFO: [VRFC 10-311] analyzing module RAM256X1S_HD3321
INFO: [VRFC 10-311] analyzing module RAM256X1S_HD3322
INFO: [VRFC 10-311] analyzing module RAM256X1S_HD3323
INFO: [VRFC 10-311] analyzing module RAM256X1S_HD3324
INFO: [VRFC 10-311] analyzing module RAM256X1S_HD3325
INFO: [VRFC 10-311] analyzing module RAM256X1S_HD3326
INFO: [VRFC 10-311] analyzing module ALU32Bit
INFO: [VRFC 10-311] analyzing module Adder32
INFO: [VRFC 10-311] analyzing module CheckEqual
INFO: [VRFC 10-311] analyzing module Controller
INFO: [VRFC 10-311] analyzing module DataMemory
INFO: [VRFC 10-311] analyzing module DecodeExecuteReg
INFO: [VRFC 10-311] analyzing module ExecuteMemoryReg
INFO: [VRFC 10-311] analyzing module FetchDecodeReg
INFO: [VRFC 10-311] analyzing module ForwardingController
INFO: [VRFC 10-311] analyzing module HILORegisters
INFO: [VRFC 10-311] analyzing module HazardDetectionUnit
INFO: [VRFC 10-311] analyzing module InstructionMemory
INFO: [VRFC 10-311] analyzing module IsZero
INFO: [VRFC 10-311] analyzing module MemoryWriteBackReg
INFO: [VRFC 10-311] analyzing module Mux32Bit2To1
INFO: [VRFC 10-311] analyzing module Mux32Bit2To1__10
INFO: [VRFC 10-311] analyzing module Mux32Bit2To1__11
INFO: [VRFC 10-311] analyzing module Mux32Bit2To1__12
INFO: [VRFC 10-311] analyzing module Mux32Bit2To1__13
INFO: [VRFC 10-311] analyzing module Mux32Bit2To1__14
INFO: [VRFC 10-311] analyzing module Mux32Bit2To1__15
INFO: [VRFC 10-311] analyzing module Mux32Bit2To1__16
INFO: [VRFC 10-311] analyzing module Mux32Bit2To1__17
INFO: [VRFC 10-311] analyzing module Mux32Bit2To1__18
INFO: [VRFC 10-311] analyzing module Mux32Bit2To1__19
INFO: [VRFC 10-311] analyzing module Mux32Bit2To1__9
INFO: [VRFC 10-311] analyzing module Mux32Bit3To1
INFO: [VRFC 10-311] analyzing module Mux5Bit2To1
INFO: [VRFC 10-311] analyzing module Mux5Bit2To1__1
INFO: [VRFC 10-311] analyzing module Mux5Bit2To1__2
INFO: [VRFC 10-311] analyzing module PCAdder
INFO: [VRFC 10-311] analyzing module Processor
INFO: [VRFC 10-311] analyzing module ProgramCounter
INFO: [VRFC 10-311] analyzing module RegisterFile
INFO: [VRFC 10-311] analyzing module SignExtension
INFO: [VRFC 10-311] analyzing module SignExtensionHalfByte
INFO: [VRFC 10-311] analyzing module glbl
INFO: [VRFC 10-2263] Analyzing Verilog file "D:/Users/Ryan/Documents/ECE369a/lab369a/LAB8-11/DatapathComponents/Processor/Processor_tb.v" into library xil_defaultlib
INFO: [VRFC 10-311] analyzing module Processor_tb
