INFO: [VRFC 10-2263] Analyzing Verilog file "D:/Users/Ryan/Documents/ECE369a/lab369a/LAB8-11/DatapathComponents/lab8-11/lab8-11.sim/sim_1/impl/timing/Processor_tb_time_impl.v" into library xil_defaultlib
INFO: [VRFC 10-311] analyzing module ALU32Bit
INFO: [VRFC 10-311] analyzing module Controller
INFO: [VRFC 10-311] analyzing module DecodeExecuteReg
INFO: [VRFC 10-311] analyzing module ExecuteMemoryReg
INFO: [VRFC 10-311] analyzing module FetchDecodeReg
INFO: [VRFC 10-311] analyzing module HILORegisters
INFO: [VRFC 10-311] analyzing module InstructionMemory
INFO: [VRFC 10-311] analyzing module MemoryWriteBackReg
INFO: [VRFC 10-311] analyzing module Mux32Bit2To1
INFO: [VRFC 10-311] analyzing module Mux32Bit2To1__4
INFO: [VRFC 10-311] analyzing module Mux5Bit2To1
INFO: [VRFC 10-311] analyzing module Mux5Bit2To1__2
INFO: [VRFC 10-311] analyzing module Mux5Bit2To1__3
INFO: [VRFC 10-311] analyzing module PCAdder
INFO: [VRFC 10-311] analyzing module Processor
INFO: [VRFC 10-311] analyzing module ProgramCounter
INFO: [VRFC 10-311] analyzing module RegisterFile
INFO: [VRFC 10-311] analyzing module SignExtension
INFO: [VRFC 10-311] analyzing module glbl
INFO: [VRFC 10-2263] Analyzing Verilog file "D:/Users/Ryan/Documents/ECE369a/lab369a/LAB8-11/DatapathComponents/Processor/Processor_tb.v" into library xil_defaultlib
INFO: [VRFC 10-311] analyzing module Processor_tb
