
*** Running vivado
    with args -log Processor.vds -m64 -mode batch -messageDb vivado.pb -notrace -source Processor.tcl


****** Vivado v2016.2 (64-bit)
  **** SW Build 1577090 on Thu Jun  2 16:32:40 MDT 2016
  **** IP Build 1577682 on Fri Jun  3 12:00:54 MDT 2016
    ** Copyright 1986-2016 Xilinx, Inc. All Rights Reserved.

source Processor.tcl -notrace
Command: synth_design -top Processor -part xc7a100tcsg324-1
Starting synth_design
Attempting to get a license for feature 'Synthesis' and/or device 'xc7a100t'
INFO: [Common 17-349] Got license for feature 'Synthesis' and/or device 'xc7a100t'
INFO: Launching helper process for spawning children vivado processes
INFO: Helper process launched with PID 10332 
---------------------------------------------------------------------------------
Starting RTL Elaboration : Time (s): cpu = 00:00:04 ; elapsed = 00:00:04 . Memory (MB): peak = 273.887 ; gain = 66.316
---------------------------------------------------------------------------------
INFO: [Synth 8-638] synthesizing module 'Processor' [D:/Users/Ryan/Documents/ECE369a/lab369a/LAB8-11/DatapathComponents/Processor/Processor.v:17]
INFO: [Synth 8-5534] Detected attribute (* mark_debug = "true" *) [D:/Users/Ryan/Documents/ECE369a/lab369a/LAB8-11/DatapathComponents/Processor/Processor.v:24]
INFO: [Synth 8-5534] Detected attribute (* mark_debug = "true" *) [D:/Users/Ryan/Documents/ECE369a/lab369a/LAB8-11/DatapathComponents/Processor/Processor.v:25]
INFO: [Synth 8-5534] Detected attribute (* mark_debug = "true" *) [D:/Users/Ryan/Documents/ECE369a/lab369a/LAB8-11/DatapathComponents/Processor/Processor.v:29]
INFO: [Synth 8-5534] Detected attribute (* mark_debug = "true" *) [D:/Users/Ryan/Documents/ECE369a/lab369a/LAB8-11/DatapathComponents/Processor/Processor.v:46]
INFO: [Synth 8-5534] Detected attribute (* mark_debug = "true" *) [D:/Users/Ryan/Documents/ECE369a/lab369a/LAB8-11/DatapathComponents/Processor/Processor.v:48]
INFO: [Synth 8-5534] Detected attribute (* mark_debug = "true" *) [D:/Users/Ryan/Documents/ECE369a/lab369a/LAB8-11/DatapathComponents/Processor/Processor.v:61]
INFO: [Synth 8-5534] Detected attribute (* mark_debug = "true" *) [D:/Users/Ryan/Documents/ECE369a/lab369a/LAB8-11/DatapathComponents/Processor/Processor.v:70]
INFO: [Synth 8-638] synthesizing module 'Or2Gate' [D:/Users/Ryan/Documents/ECE369a/lab369a/LAB8-11/DatapathComponents/Or2Gate/Or2Gate.v:23]
INFO: [Synth 8-256] done synthesizing module 'Or2Gate' (1#1) [D:/Users/Ryan/Documents/ECE369a/lab369a/LAB8-11/DatapathComponents/Or2Gate/Or2Gate.v:23]
INFO: [Synth 8-638] synthesizing module 'Mux32Bit2To1' [D:/Users/Ryan/Documents/ECE369a/lab369a/LAB8-11/DatapathComponents/Mux32Bit2To1/Mux32Bit2To1.v:10]
INFO: [Synth 8-256] done synthesizing module 'Mux32Bit2To1' (2#1) [D:/Users/Ryan/Documents/ECE369a/lab369a/LAB8-11/DatapathComponents/Mux32Bit2To1/Mux32Bit2To1.v:10]
INFO: [Synth 8-638] synthesizing module 'ProgramCounter' [D:/Users/Ryan/Documents/ECE369a/lab369a/LAB8-11/DatapathComponents/ProgramCounter.v:27]
INFO: [Synth 8-5534] Detected attribute (* mark_debug = "true" *) [D:/Users/Ryan/Documents/ECE369a/lab369a/LAB8-11/DatapathComponents/ProgramCounter.v:32]
INFO: [Synth 8-256] done synthesizing module 'ProgramCounter' (3#1) [D:/Users/Ryan/Documents/ECE369a/lab369a/LAB8-11/DatapathComponents/ProgramCounter.v:27]
INFO: [Synth 8-638] synthesizing module 'PCAdder' [D:/Users/Ryan/Documents/ECE369a/lab369a/LAB8-11/DatapathComponents/PCAdder.v:22]
INFO: [Synth 8-256] done synthesizing module 'PCAdder' (4#1) [D:/Users/Ryan/Documents/ECE369a/lab369a/LAB8-11/DatapathComponents/PCAdder.v:22]
INFO: [Synth 8-638] synthesizing module 'InstructionMemory' [D:/Users/Ryan/Documents/ECE369a/lab369a/InstructionMemory.v:39]
INFO: [Synth 8-3876] $readmem data file 'Instruction_memory.txt' is read successfully [D:/Users/Ryan/Documents/ECE369a/lab369a/InstructionMemory.v:53]
INFO: [Synth 8-256] done synthesizing module 'InstructionMemory' (5#1) [D:/Users/Ryan/Documents/ECE369a/lab369a/InstructionMemory.v:39]
INFO: [Synth 8-638] synthesizing module 'FetchDecodeReg' [D:/Users/Ryan/Documents/ECE369a/lab369a/LAB8-11/DatapathComponents/PipelineReg/FetchDecodeReg.v:23]
INFO: [Synth 8-4471] merging register 'prev_instr_reg[31:0]' into 'instrOut_reg[31:0]' [D:/Users/Ryan/Documents/ECE369a/lab369a/LAB8-11/DatapathComponents/PipelineReg/FetchDecodeReg.v:60]
INFO: [Synth 8-4471] merging register 'prev_PCAddr_reg[31:0]' into 'PCAddrOut_reg[31:0]' [D:/Users/Ryan/Documents/ECE369a/lab369a/LAB8-11/DatapathComponents/PipelineReg/FetchDecodeReg.v:61]
INFO: [Synth 8-256] done synthesizing module 'FetchDecodeReg' (6#1) [D:/Users/Ryan/Documents/ECE369a/lab369a/LAB8-11/DatapathComponents/PipelineReg/FetchDecodeReg.v:23]
INFO: [Synth 8-638] synthesizing module 'ForwardingController' [D:/Users/Ryan/Documents/ECE369a/lab369a/LAB8-11/DatapathComponents/ForwardingController/ForwardingController.v:23]
INFO: [Synth 8-256] done synthesizing module 'ForwardingController' (7#1) [D:/Users/Ryan/Documents/ECE369a/lab369a/LAB8-11/DatapathComponents/ForwardingController/ForwardingController.v:23]
INFO: [Synth 8-638] synthesizing module 'HazardDetectionUnit' [D:/Users/Ryan/Documents/ECE369a/lab369a/LAB8-11/DatapathComponents/ForwardingController/HazardDetectionUnit.v:23]
INFO: [Synth 8-256] done synthesizing module 'HazardDetectionUnit' (8#1) [D:/Users/Ryan/Documents/ECE369a/lab369a/LAB8-11/DatapathComponents/ForwardingController/HazardDetectionUnit.v:23]
INFO: [Synth 8-638] synthesizing module 'IsZero' [D:/Users/Ryan/Documents/ECE369a/lab369a/LAB8-11/DatapathComponents/CheckEqual/IsZero.v:23]
INFO: [Synth 8-256] done synthesizing module 'IsZero' (9#1) [D:/Users/Ryan/Documents/ECE369a/lab369a/LAB8-11/DatapathComponents/CheckEqual/IsZero.v:23]
INFO: [Synth 8-638] synthesizing module 'And2Gate' [D:/Users/Ryan/Documents/ECE369a/lab369a/LAB8-11/DatapathComponents/And2Gate/And2Gate.v:23]
INFO: [Synth 8-256] done synthesizing module 'And2Gate' (10#1) [D:/Users/Ryan/Documents/ECE369a/lab369a/LAB8-11/DatapathComponents/And2Gate/And2Gate.v:23]
INFO: [Synth 8-638] synthesizing module 'Xor2Gate' [D:/Users/Ryan/Documents/ECE369a/lab369a/LAB8-11/DatapathComponents/Xor2Gate/Xor2Gate.v:23]
INFO: [Synth 8-256] done synthesizing module 'Xor2Gate' (11#1) [D:/Users/Ryan/Documents/ECE369a/lab369a/LAB8-11/DatapathComponents/Xor2Gate/Xor2Gate.v:23]
INFO: [Synth 8-638] synthesizing module 'Mux5Bit2To1' [D:/Users/Ryan/Documents/ECE369a/lab369a/LAB8-11/DatapathComponents/Mux32Bit2To1/Mux5Bit2To1.v:23]
INFO: [Synth 8-256] done synthesizing module 'Mux5Bit2To1' (12#1) [D:/Users/Ryan/Documents/ECE369a/lab369a/LAB8-11/DatapathComponents/Mux32Bit2To1/Mux5Bit2To1.v:23]
INFO: [Synth 8-638] synthesizing module 'RegisterFile' [D:/Users/Ryan/Documents/ECE369a/lab369a/LAB8-11/DatapathComponents/RegisterFile/RegisterFile.v:51]
INFO: [Synth 8-256] done synthesizing module 'RegisterFile' (13#1) [D:/Users/Ryan/Documents/ECE369a/lab369a/LAB8-11/DatapathComponents/RegisterFile/RegisterFile.v:51]
INFO: [Synth 8-638] synthesizing module 'SignExtension' [D:/Users/Ryan/Documents/ECE369a/lab369a/LAB8-11/DatapathComponents/SignExtension/SignExtension.v:8]
INFO: [Synth 8-256] done synthesizing module 'SignExtension' (14#1) [D:/Users/Ryan/Documents/ECE369a/lab369a/LAB8-11/DatapathComponents/SignExtension/SignExtension.v:8]
INFO: [Synth 8-638] synthesizing module 'Controller' [D:/Users/Ryan/Documents/ECE369a/lab369a/LAB8-11/DatapathComponents/Controller.v:3]
INFO: [Synth 8-226] default block is never used [D:/Users/Ryan/Documents/ECE369a/lab369a/LAB8-11/DatapathComponents/Controller.v:340]
INFO: [Synth 8-256] done synthesizing module 'Controller' (15#1) [D:/Users/Ryan/Documents/ECE369a/lab369a/LAB8-11/DatapathComponents/Controller.v:3]
INFO: [Synth 8-638] synthesizing module 'NotGate' [D:/Users/Ryan/Documents/ECE369a/lab369a/LAB8-11/DatapathComponents/NotGate/NotGate.v:23]
INFO: [Synth 8-256] done synthesizing module 'NotGate' (16#1) [D:/Users/Ryan/Documents/ECE369a/lab369a/LAB8-11/DatapathComponents/NotGate/NotGate.v:23]
INFO: [Synth 8-638] synthesizing module 'ShiftLeft2' [D:/Users/Ryan/Documents/ECE369a/lab369a/LAB8-11/DatapathComponents/ShiftLeft2/ShiftLeft2.v:23]
INFO: [Synth 8-256] done synthesizing module 'ShiftLeft2' (17#1) [D:/Users/Ryan/Documents/ECE369a/lab369a/LAB8-11/DatapathComponents/ShiftLeft2/ShiftLeft2.v:23]
INFO: [Synth 8-638] synthesizing module 'Adder32' [D:/Users/Ryan/Documents/ECE369a/lab369a/LAB8-11/DatapathComponents/Adder32/Adder32.v:23]
INFO: [Synth 8-256] done synthesizing module 'Adder32' (18#1) [D:/Users/Ryan/Documents/ECE369a/lab369a/LAB8-11/DatapathComponents/Adder32/Adder32.v:23]
INFO: [Synth 8-638] synthesizing module 'CheckEqual' [D:/Users/Ryan/Documents/ECE369a/lab369a/LAB8-11/DatapathComponents/CheckEqual/CheckEqual.v:23]
INFO: [Synth 8-256] done synthesizing module 'CheckEqual' (19#1) [D:/Users/Ryan/Documents/ECE369a/lab369a/LAB8-11/DatapathComponents/CheckEqual/CheckEqual.v:23]
INFO: [Synth 8-638] synthesizing module 'BranchController' [D:/Users/Ryan/Documents/ECE369a/lab369a/LAB8-11/DatapathComponents/BranchController/BranchController.v:23]
INFO: [Synth 8-256] done synthesizing module 'BranchController' (20#1) [D:/Users/Ryan/Documents/ECE369a/lab369a/LAB8-11/DatapathComponents/BranchController/BranchController.v:23]
INFO: [Synth 8-638] synthesizing module 'DecodeExecuteReg' [D:/Users/Ryan/Documents/ECE369a/lab369a/LAB8-11/DatapathComponents/PipelineReg/DecodeExecuteReg.v:23]
INFO: [Synth 8-5534] Detected attribute (* mark_debug = "true" *) [D:/Users/Ryan/Documents/ECE369a/lab369a/LAB8-11/DatapathComponents/PipelineReg/DecodeExecuteReg.v:91]
INFO: [Synth 8-256] done synthesizing module 'DecodeExecuteReg' (21#1) [D:/Users/Ryan/Documents/ECE369a/lab369a/LAB8-11/DatapathComponents/PipelineReg/DecodeExecuteReg.v:23]
INFO: [Synth 8-638] synthesizing module 'SignExtensionHalfByte' [D:/Users/Ryan/Documents/ECE369a/lab369a/LAB8-11/DatapathComponents/SignExtension/SignExtensionHalfByte.v:23]
INFO: [Synth 8-256] done synthesizing module 'SignExtensionHalfByte' (22#1) [D:/Users/Ryan/Documents/ECE369a/lab369a/LAB8-11/DatapathComponents/SignExtension/SignExtensionHalfByte.v:23]
INFO: [Synth 8-638] synthesizing module 'Mux32Bit3To1' [D:/Users/Ryan/Documents/ECE369a/lab369a/LAB8-11/DatapathComponents/Mux32Bit2To1/Mux32Bit3To1.v:10]
INFO: [Synth 8-256] done synthesizing module 'Mux32Bit3To1' (23#1) [D:/Users/Ryan/Documents/ECE369a/lab369a/LAB8-11/DatapathComponents/Mux32Bit2To1/Mux32Bit3To1.v:10]
INFO: [Synth 8-638] synthesizing module 'ALU32Bit' [D:/Users/Ryan/Documents/ECE369a/lab369a/LAB8-11/DatapathComponents/ALU32Bit/ALU32Bit.v:37]
INFO: [Synth 8-256] done synthesizing module 'ALU32Bit' (24#1) [D:/Users/Ryan/Documents/ECE369a/lab369a/LAB8-11/DatapathComponents/ALU32Bit/ALU32Bit.v:37]
INFO: [Synth 8-638] synthesizing module 'ExecuteMemoryReg' [D:/Users/Ryan/Documents/ECE369a/lab369a/LAB8-11/DatapathComponents/PipelineReg/ExecuteMemoryReg.v:23]
INFO: [Synth 8-256] done synthesizing module 'ExecuteMemoryReg' (25#1) [D:/Users/Ryan/Documents/ECE369a/lab369a/LAB8-11/DatapathComponents/PipelineReg/ExecuteMemoryReg.v:23]
INFO: [Synth 8-638] synthesizing module 'DataMemory' [D:/Users/Ryan/Documents/ECE369a/lab369a/LAB8-11/DatapathComponents/DataMemory/DataMemory.v:38]
INFO: [Synth 8-256] done synthesizing module 'DataMemory' (26#1) [D:/Users/Ryan/Documents/ECE369a/lab369a/LAB8-11/DatapathComponents/DataMemory/DataMemory.v:38]
INFO: [Synth 8-638] synthesizing module 'HILORegisters' [D:/Users/Ryan/Documents/ECE369a/lab369a/LAB8-11/DatapathComponents/HILORegisters/HILORegisters.v:23]
INFO: [Synth 8-5534] Detected attribute (* mark_debug = "true" *) [D:/Users/Ryan/Documents/ECE369a/lab369a/LAB8-11/DatapathComponents/HILORegisters/HILORegisters.v:36]
INFO: [Synth 8-256] done synthesizing module 'HILORegisters' (27#1) [D:/Users/Ryan/Documents/ECE369a/lab369a/LAB8-11/DatapathComponents/HILORegisters/HILORegisters.v:23]
INFO: [Synth 8-638] synthesizing module 'MemoryWriteBackReg' [D:/Users/Ryan/Documents/ECE369a/lab369a/LAB8-11/DatapathComponents/PipelineReg/MemoryWriteBackReg.v:23]
INFO: [Synth 8-256] done synthesizing module 'MemoryWriteBackReg' (28#1) [D:/Users/Ryan/Documents/ECE369a/lab369a/LAB8-11/DatapathComponents/PipelineReg/MemoryWriteBackReg.v:23]
INFO: [Synth 8-256] done synthesizing module 'Processor' (29#1) [D:/Users/Ryan/Documents/ECE369a/lab369a/LAB8-11/DatapathComponents/Processor/Processor.v:17]
WARNING: [Synth 8-3331] design HILORegisters has unconnected port hi_read
WARNING: [Synth 8-3331] design HILORegisters has unconnected port lo_read
WARNING: [Synth 8-3331] design DataMemory has unconnected port Address[31]
WARNING: [Synth 8-3331] design DataMemory has unconnected port Address[30]
WARNING: [Synth 8-3331] design DataMemory has unconnected port Address[29]
WARNING: [Synth 8-3331] design DataMemory has unconnected port Address[28]
WARNING: [Synth 8-3331] design DataMemory has unconnected port Address[27]
WARNING: [Synth 8-3331] design DataMemory has unconnected port Address[26]
WARNING: [Synth 8-3331] design DataMemory has unconnected port Address[25]
WARNING: [Synth 8-3331] design DataMemory has unconnected port Address[24]
WARNING: [Synth 8-3331] design DataMemory has unconnected port Address[23]
WARNING: [Synth 8-3331] design DataMemory has unconnected port Address[22]
WARNING: [Synth 8-3331] design DataMemory has unconnected port Address[21]
WARNING: [Synth 8-3331] design DataMemory has unconnected port Address[20]
WARNING: [Synth 8-3331] design DataMemory has unconnected port Address[19]
WARNING: [Synth 8-3331] design DataMemory has unconnected port Address[18]
WARNING: [Synth 8-3331] design DataMemory has unconnected port Address[17]
WARNING: [Synth 8-3331] design DataMemory has unconnected port Address[16]
WARNING: [Synth 8-3331] design DataMemory has unconnected port Address[15]
WARNING: [Synth 8-3331] design DataMemory has unconnected port Address[14]
WARNING: [Synth 8-3331] design DataMemory has unconnected port Address[13]
WARNING: [Synth 8-3331] design ForwardingController has unconnected port Shf
WARNING: [Synth 8-3331] design ForwardingController has unconnected port ZeroExtend
WARNING: [Synth 8-3331] design InstructionMemory has unconnected port Address[1]
WARNING: [Synth 8-3331] design InstructionMemory has unconnected port Address[0]
---------------------------------------------------------------------------------
Finished RTL Elaboration : Time (s): cpu = 00:00:05 ; elapsed = 00:00:05 . Memory (MB): peak = 319.809 ; gain = 112.238
---------------------------------------------------------------------------------

Report Check Netlist: 
+------+------------------+-------+---------+-------+------------------+
|      |Item              |Errors |Warnings |Status |Description       |
+------+------------------+-------+---------+-------+------------------+
|1     |multi_driven_nets |      0|        0|Passed |Multi driven nets |
+------+------------------+-------+---------+-------+------------------+
---------------------------------------------------------------------------------
Finished RTL Optimization Phase 1 : Time (s): cpu = 00:00:05 ; elapsed = 00:00:06 . Memory (MB): peak = 319.809 ; gain = 112.238
---------------------------------------------------------------------------------
INFO: [Device 21-403] Loading part xc7a100tcsg324-1
INFO: [Project 1-570] Preparing netlist for logic optimization

Processing XDC Constraints
Initializing timing engine
Parsing XDC File [D:/Users/Ryan/Documents/ECE369a/lab369a/LAB8-11/DatapathComponents/constrants.xdc]
Finished Parsing XDC File [D:/Users/Ryan/Documents/ECE369a/lab369a/LAB8-11/DatapathComponents/constrants.xdc]
INFO: [Project 1-236] Implementation specific constraints were found while reading constraint file [D:/Users/Ryan/Documents/ECE369a/lab369a/LAB8-11/DatapathComponents/constrants.xdc]. These constraints will be ignored for synthesis but will be used in implementation. Impacted constraints are listed in the file [.Xil/Processor_propImpl.xdc].
Resolution: To avoid this warning, move constraints listed in [.Xil/Processor_propImpl.xdc] to another XDC file and exclude this new file from synthesis with the used_in_synthesis property (File Properties dialog in GUI) and re-run elaboration/synthesis.
Completed Processing XDC Constraints

INFO: [Project 1-111] Unisim Transformation Summary:
No Unisim elements were transformed.

Constraint Validation Runtime : Time (s): cpu = 00:00:00 ; elapsed = 00:00:00.004 . Memory (MB): peak = 628.141 ; gain = 0.000
---------------------------------------------------------------------------------
Finished Constraint Validation : Time (s): cpu = 00:00:11 ; elapsed = 00:00:12 . Memory (MB): peak = 628.141 ; gain = 420.570
---------------------------------------------------------------------------------
---------------------------------------------------------------------------------
Start Loading Part and Timing Information
---------------------------------------------------------------------------------
Loading part: xc7a100tcsg324-1
---------------------------------------------------------------------------------
Finished Loading Part and Timing Information : Time (s): cpu = 00:00:11 ; elapsed = 00:00:12 . Memory (MB): peak = 628.141 ; gain = 420.570
---------------------------------------------------------------------------------
---------------------------------------------------------------------------------
Start Applying 'set_property' XDC Constraints
---------------------------------------------------------------------------------
---------------------------------------------------------------------------------
Finished applying 'set_property' XDC Constraints : Time (s): cpu = 00:00:11 ; elapsed = 00:00:12 . Memory (MB): peak = 628.141 ; gain = 420.570
---------------------------------------------------------------------------------
INFO: [Synth 8-5546] ROM "registers_reg[0]" won't be mapped to RAM because it is too sparse
INFO: [Synth 8-5546] ROM "registers_reg[1]" won't be mapped to RAM because it is too sparse
INFO: [Synth 8-5546] ROM "registers_reg[2]" won't be mapped to RAM because it is too sparse
INFO: [Synth 8-5546] ROM "registers_reg[3]" won't be mapped to RAM because it is too sparse
INFO: [Synth 8-5546] ROM "registers_reg[4]" won't be mapped to RAM because it is too sparse
INFO: [Synth 8-5546] ROM "registers_reg[5]" won't be mapped to RAM because it is too sparse
INFO: [Synth 8-5546] ROM "registers_reg[6]" won't be mapped to RAM because it is too sparse
INFO: [Synth 8-5546] ROM "registers_reg[7]" won't be mapped to RAM because it is too sparse
INFO: [Synth 8-5546] ROM "registers_reg[8]" won't be mapped to RAM because it is too sparse
INFO: [Synth 8-5546] ROM "registers_reg[9]" won't be mapped to RAM because it is too sparse
INFO: [Synth 8-5546] ROM "registers_reg[10]" won't be mapped to RAM because it is too sparse
INFO: [Synth 8-5546] ROM "registers_reg[11]" won't be mapped to RAM because it is too sparse
INFO: [Synth 8-5546] ROM "registers_reg[12]" won't be mapped to RAM because it is too sparse
INFO: [Synth 8-5546] ROM "registers_reg[13]" won't be mapped to RAM because it is too sparse
INFO: [Synth 8-5546] ROM "registers_reg[14]" won't be mapped to RAM because it is too sparse
INFO: [Synth 8-5546] ROM "registers_reg[15]" won't be mapped to RAM because it is too sparse
INFO: [Synth 8-5546] ROM "registers_reg[16]" won't be mapped to RAM because it is too sparse
INFO: [Synth 8-5546] ROM "registers_reg[17]" won't be mapped to RAM because it is too sparse
INFO: [Synth 8-5546] ROM "registers_reg[18]" won't be mapped to RAM because it is too sparse
INFO: [Synth 8-5546] ROM "registers_reg[19]" won't be mapped to RAM because it is too sparse
INFO: [Synth 8-5546] ROM "registers_reg[20]" won't be mapped to RAM because it is too sparse
INFO: [Synth 8-5546] ROM "registers_reg[21]" won't be mapped to RAM because it is too sparse
INFO: [Synth 8-5546] ROM "registers_reg[22]" won't be mapped to RAM because it is too sparse
INFO: [Synth 8-5546] ROM "registers_reg[23]" won't be mapped to RAM because it is too sparse
INFO: [Synth 8-5546] ROM "registers_reg[24]" won't be mapped to RAM because it is too sparse
INFO: [Synth 8-5546] ROM "registers_reg[25]" won't be mapped to RAM because it is too sparse
INFO: [Synth 8-5546] ROM "registers_reg[26]" won't be mapped to RAM because it is too sparse
INFO: [Synth 8-5546] ROM "registers_reg[27]" won't be mapped to RAM because it is too sparse
INFO: [Synth 8-5546] ROM "registers_reg[28]" won't be mapped to RAM because it is too sparse
INFO: [Synth 8-5546] ROM "registers_reg[29]" won't be mapped to RAM because it is too sparse
INFO: [Synth 8-5546] ROM "registers_reg[30]" won't be mapped to RAM because it is too sparse
INFO: [Synth 8-5546] ROM "registers_reg[31]" won't be mapped to RAM because it is too sparse
INFO: [Synth 8-5546] ROM "ZeroExtend" won't be mapped to RAM because it is too sparse
INFO: [Synth 8-5546] ROM "Branch" won't be mapped to RAM because it is too sparse
INFO: [Synth 8-5546] ROM "ALUSrc" won't be mapped to RAM because it is too sparse
INFO: [Synth 8-5546] ROM "ALUSrc" won't be mapped to RAM because it is too sparse
INFO: [Synth 8-5546] ROM "ALUSrc" won't be mapped to RAM because it is too sparse
INFO: [Synth 8-5546] ROM "RegDst" won't be mapped to RAM because it is too sparse
INFO: [Synth 8-5546] ROM "ALUControl" won't be mapped to RAM because it is too sparse
INFO: [Synth 8-5546] ROM "ALUControl" won't be mapped to RAM because it is too sparse
INFO: [Synth 8-5546] ROM "ALUControl" won't be mapped to RAM because it is too sparse
INFO: [Synth 8-5546] ROM "ALUControl" won't be mapped to RAM because it is too sparse
INFO: [Synth 8-5546] ROM "MemWrite" won't be mapped to RAM because it is too sparse
INFO: [Synth 8-5546] ROM "MemRead" won't be mapped to RAM because it is too sparse
INFO: [Synth 8-5546] ROM "RegWrite" won't be mapped to RAM because it is too sparse
INFO: [Synth 8-5546] ROM "mfhi" won't be mapped to RAM because it is too sparse
INFO: [Synth 8-5546] ROM "mthi" won't be mapped to RAM because it is too sparse
INFO: [Synth 8-5546] ROM "mtlo" won't be mapped to RAM because it is too sparse
INFO: [Synth 8-5546] ROM "hi_read" won't be mapped to RAM because it is too sparse
INFO: [Synth 8-5546] ROM "hi_write" won't be mapped to RAM because it is too sparse
INFO: [Synth 8-5546] ROM "lo_read" won't be mapped to RAM because it is too sparse
INFO: [Synth 8-5546] ROM "lo_write" won't be mapped to RAM because it is too sparse
INFO: [Synth 8-5546] ROM "DepRegWrite" won't be mapped to RAM because it is too sparse
INFO: [Synth 8-5546] ROM "SE" won't be mapped to RAM because it is too sparse
INFO: [Synth 8-5546] ROM "UseByte" won't be mapped to RAM because it is too sparse
INFO: [Synth 8-5546] ROM "UseHalf" won't be mapped to RAM because it is too sparse
INFO: [Synth 8-5546] ROM "LUI" won't be mapped to RAM because it is too sparse
INFO: [Synth 8-5546] ROM "BranchCtrl" won't be mapped to RAM because it is too sparse
INFO: [Synth 8-5545] ROM "Zero" won't be mapped to RAM because address size (32) is larger than maximum supported(25)
---------------------------------------------------------------------------------
Finished RTL Optimization Phase 2 : Time (s): cpu = 00:00:12 ; elapsed = 00:00:13 . Memory (MB): peak = 628.141 ; gain = 420.570
---------------------------------------------------------------------------------

Report RTL Partitions: 
+-+--------------+------------+----------+
| |RTL Partition |Replication |Instances |
+-+--------------+------------+----------+
+-+--------------+------------+----------+
---------------------------------------------------------------------------------
Start RTL Component Statistics 
---------------------------------------------------------------------------------
Detailed RTL Component Info : 
+---Adders : 
	   2 Input     64 Bit       Adders := 2     
	   3 Input     64 Bit       Adders := 1     
	   2 Input     32 Bit       Adders := 3     
	   3 Input     32 Bit       Adders := 2     
+---XORs : 
	   2 Input     32 Bit         XORs := 1     
	   2 Input      1 Bit         XORs := 34    
+---Registers : 
	               32 Bit    Registers := 50    
	                5 Bit    Registers := 9     
	                4 Bit    Registers := 2     
	                2 Bit    Registers := 2     
	                1 Bit    Registers := 49    
+---Multipliers : 
	                32x32  Multipliers := 1     
+---RAMs : 
	              32K Bit         RAMs := 1     
+---Muxes : 
	  16 Input     64 Bit        Muxes := 1     
	   2 Input     32 Bit        Muxes := 37    
	   4 Input     32 Bit        Muxes := 1     
	   3 Input     32 Bit        Muxes := 1     
	   2 Input      5 Bit        Muxes := 9     
	   2 Input      4 Bit        Muxes := 8     
	  15 Input      4 Bit        Muxes := 1     
	  25 Input      4 Bit        Muxes := 2     
	   4 Input      4 Bit        Muxes := 1     
	  25 Input      3 Bit        Muxes := 2     
	   6 Input      3 Bit        Muxes := 1     
	   2 Input      3 Bit        Muxes := 1     
	  25 Input      2 Bit        Muxes := 13    
	   4 Input      2 Bit        Muxes := 1     
	   2 Input      2 Bit        Muxes := 7     
	   6 Input      2 Bit        Muxes := 1     
	  16 Input      2 Bit        Muxes := 1     
	   2 Input      1 Bit        Muxes := 63    
	   3 Input      1 Bit        Muxes := 10    
	   4 Input      1 Bit        Muxes := 6     
	  25 Input      1 Bit        Muxes := 20    
---------------------------------------------------------------------------------
Finished RTL Component Statistics 
---------------------------------------------------------------------------------
---------------------------------------------------------------------------------
Start RTL Hierarchical Component Statistics 
---------------------------------------------------------------------------------
Hierarchical RTL Component report 
Module Mux32Bit2To1 
Detailed RTL Component Info : 
+---Muxes : 
	   2 Input     32 Bit        Muxes := 1     
Module ProgramCounter 
Detailed RTL Component Info : 
+---Registers : 
	               32 Bit    Registers := 1     
+---Muxes : 
	   2 Input     32 Bit        Muxes := 1     
Module PCAdder 
Detailed RTL Component Info : 
+---Adders : 
	   2 Input     32 Bit       Adders := 1     
Module FetchDecodeReg 
Detailed RTL Component Info : 
+---Registers : 
	               32 Bit    Registers := 2     
Module Xor2Gate 
Detailed RTL Component Info : 
+---XORs : 
	   2 Input      1 Bit         XORs := 1     
Module Mux5Bit2To1 
Detailed RTL Component Info : 
+---Muxes : 
	   2 Input      5 Bit        Muxes := 1     
Module RegisterFile 
Detailed RTL Component Info : 
+---Registers : 
	               32 Bit    Registers := 32    
+---Muxes : 
	   2 Input     32 Bit        Muxes := 1     
	   2 Input      1 Bit        Muxes := 33    
Module Controller 
Detailed RTL Component Info : 
+---Muxes : 
	   2 Input      4 Bit        Muxes := 6     
	  15 Input      4 Bit        Muxes := 1     
	  25 Input      4 Bit        Muxes := 2     
	   4 Input      4 Bit        Muxes := 1     
	  25 Input      3 Bit        Muxes := 2     
	   6 Input      3 Bit        Muxes := 1     
	   2 Input      3 Bit        Muxes := 1     
	  25 Input      2 Bit        Muxes := 13    
	   4 Input      2 Bit        Muxes := 1     
	   2 Input      2 Bit        Muxes := 5     
	   6 Input      2 Bit        Muxes := 1     
	   2 Input      1 Bit        Muxes := 10    
	   3 Input      1 Bit        Muxes := 9     
	   4 Input      1 Bit        Muxes := 6     
	  25 Input      1 Bit        Muxes := 20    
Module Adder32 
Detailed RTL Component Info : 
+---Adders : 
	   2 Input     32 Bit       Adders := 1     
Module CheckEqual 
Detailed RTL Component Info : 
+---Adders : 
	   3 Input     32 Bit       Adders := 1     
+---Muxes : 
	   2 Input     32 Bit        Muxes := 1     
	   2 Input      1 Bit        Muxes := 1     
Module DecodeExecuteReg 
Detailed RTL Component Info : 
+---Registers : 
	               32 Bit    Registers := 8     
	                5 Bit    Registers := 6     
	                4 Bit    Registers := 2     
	                2 Bit    Registers := 2     
	                1 Bit    Registers := 36    
+---Muxes : 
	   2 Input     32 Bit        Muxes := 8     
	   2 Input      5 Bit        Muxes := 6     
	   2 Input      4 Bit        Muxes := 2     
	   2 Input      2 Bit        Muxes := 2     
	   2 Input      1 Bit        Muxes := 18    
Module SignExtensionHalfByte 
Detailed RTL Component Info : 
+---Muxes : 
	   2 Input     32 Bit        Muxes := 1     
Module ALU32Bit 
Detailed RTL Component Info : 
+---Adders : 
	   2 Input     64 Bit       Adders := 2     
	   3 Input     64 Bit       Adders := 1     
	   2 Input     32 Bit       Adders := 1     
	   3 Input     32 Bit       Adders := 1     
+---XORs : 
	   2 Input     32 Bit         XORs := 1     
	   2 Input      1 Bit         XORs := 32    
+---Multipliers : 
	                32x32  Multipliers := 1     
+---Muxes : 
	  16 Input     64 Bit        Muxes := 1     
	   2 Input     32 Bit        Muxes := 3     
	   4 Input     32 Bit        Muxes := 1     
	  16 Input      2 Bit        Muxes := 1     
Module ExecuteMemoryReg 
Detailed RTL Component Info : 
+---Registers : 
	               32 Bit    Registers := 3     
	                5 Bit    Registers := 2     
	                1 Bit    Registers := 10    
Module DataMemory 
Detailed RTL Component Info : 
+---RAMs : 
	              32K Bit         RAMs := 1     
+---Muxes : 
	   3 Input     32 Bit        Muxes := 1     
	   2 Input     32 Bit        Muxes := 1     
	   3 Input      1 Bit        Muxes := 1     
	   2 Input      1 Bit        Muxes := 1     
Module HILORegisters 
Detailed RTL Component Info : 
+---Registers : 
	               32 Bit    Registers := 2     
Module MemoryWriteBackReg 
Detailed RTL Component Info : 
+---Registers : 
	               32 Bit    Registers := 2     
	                5 Bit    Registers := 1     
	                1 Bit    Registers := 3     
---------------------------------------------------------------------------------
Finished RTL Hierarchical Component Statistics
---------------------------------------------------------------------------------
---------------------------------------------------------------------------------
Start Part Resource Summary
---------------------------------------------------------------------------------
Part Resources:
DSPs: 240 (col length:80)
BRAMs: 270 (col length: RAMB18 80 RAMB36 40)
---------------------------------------------------------------------------------
Finished Part Resource Summary
---------------------------------------------------------------------------------
Start Parallel Synthesis Optimization  : Time (s): cpu = 00:00:12 ; elapsed = 00:00:13 . Memory (MB): peak = 628.141 ; gain = 420.570
---------------------------------------------------------------------------------
Start Cross Boundary Optimization
---------------------------------------------------------------------------------
DSP Report: Generating DSP ALUResult2, operation Mode is: A*B.
DSP Report: operator ALUResult2 is absorbed into DSP ALUResult2.
DSP Report: operator ALUResult2 is absorbed into DSP ALUResult2.
DSP Report: Generating DSP ALUResult2, operation Mode is: (PCIN>>17)+A*B.
DSP Report: operator ALUResult2 is absorbed into DSP ALUResult2.
DSP Report: operator ALUResult2 is absorbed into DSP ALUResult2.
DSP Report: Generating DSP ALUResult2, operation Mode is: A*B.
DSP Report: operator ALUResult2 is absorbed into DSP ALUResult2.
DSP Report: operator ALUResult2 is absorbed into DSP ALUResult2.
DSP Report: Generating DSP ALUResult2, operation Mode is: (PCIN>>17)+A*B.
DSP Report: operator ALUResult2 is absorbed into DSP ALUResult2.
DSP Report: operator ALUResult2 is absorbed into DSP ALUResult2.
DSP Report: Generating DSP multResult0, operation Mode is: A*B.
DSP Report: operator multResult0 is absorbed into DSP multResult0.
DSP Report: operator multResult0 is absorbed into DSP multResult0.
DSP Report: Generating DSP multResult0, operation Mode is: (PCIN>>17)+A*B.
DSP Report: operator multResult0 is absorbed into DSP multResult0.
DSP Report: operator multResult0 is absorbed into DSP multResult0.
DSP Report: Generating DSP multResult0, operation Mode is: A*B.
DSP Report: operator multResult0 is absorbed into DSP multResult0.
DSP Report: operator multResult0 is absorbed into DSP multResult0.
DSP Report: Generating DSP multResult0, operation Mode is: (PCIN>>17)+A*B.
DSP Report: operator multResult0 is absorbed into DSP multResult0.
DSP Report: operator multResult0 is absorbed into DSP multResult0.
INFO: [Synth 8-5545] ROM "takeBranch/Zero" won't be mapped to RAM because address size (32) is larger than maximum supported(25)
WARNING: [Synth 8-3331] design HILORegisters has unconnected port hi_read
WARNING: [Synth 8-3331] design HILORegisters has unconnected port lo_read
WARNING: [Synth 8-3331] design DataMemory has unconnected port Address[31]
WARNING: [Synth 8-3331] design DataMemory has unconnected port Address[30]
WARNING: [Synth 8-3331] design DataMemory has unconnected port Address[29]
WARNING: [Synth 8-3331] design DataMemory has unconnected port Address[28]
WARNING: [Synth 8-3331] design DataMemory has unconnected port Address[27]
WARNING: [Synth 8-3331] design DataMemory has unconnected port Address[26]
WARNING: [Synth 8-3331] design DataMemory has unconnected port Address[25]
WARNING: [Synth 8-3331] design DataMemory has unconnected port Address[24]
WARNING: [Synth 8-3331] design DataMemory has unconnected port Address[23]
WARNING: [Synth 8-3331] design DataMemory has unconnected port Address[22]
WARNING: [Synth 8-3331] design DataMemory has unconnected port Address[21]
WARNING: [Synth 8-3331] design DataMemory has unconnected port Address[20]
WARNING: [Synth 8-3331] design DataMemory has unconnected port Address[19]
WARNING: [Synth 8-3331] design DataMemory has unconnected port Address[18]
WARNING: [Synth 8-3331] design DataMemory has unconnected port Address[17]
WARNING: [Synth 8-3331] design DataMemory has unconnected port Address[16]
WARNING: [Synth 8-3331] design DataMemory has unconnected port Address[15]
WARNING: [Synth 8-3331] design DataMemory has unconnected port Address[14]
WARNING: [Synth 8-3331] design DataMemory has unconnected port Address[13]
WARNING: [Synth 8-3331] design ForwardingController has unconnected port Shf
WARNING: [Synth 8-3331] design ForwardingController has unconnected port ZeroExtend
WARNING: [Synth 8-3331] design InstructionMemory has unconnected port Address[31]
WARNING: [Synth 8-3331] design InstructionMemory has unconnected port Address[30]
WARNING: [Synth 8-3331] design InstructionMemory has unconnected port Address[29]
WARNING: [Synth 8-3331] design InstructionMemory has unconnected port Address[28]
WARNING: [Synth 8-3331] design InstructionMemory has unconnected port Address[27]
WARNING: [Synth 8-3331] design InstructionMemory has unconnected port Address[26]
WARNING: [Synth 8-3331] design InstructionMemory has unconnected port Address[25]
WARNING: [Synth 8-3331] design InstructionMemory has unconnected port Address[24]
WARNING: [Synth 8-3331] design InstructionMemory has unconnected port Address[23]
WARNING: [Synth 8-3331] design InstructionMemory has unconnected port Address[22]
WARNING: [Synth 8-3331] design InstructionMemory has unconnected port Address[21]
WARNING: [Synth 8-3331] design InstructionMemory has unconnected port Address[20]
WARNING: [Synth 8-3331] design InstructionMemory has unconnected port Address[19]
WARNING: [Synth 8-3331] design InstructionMemory has unconnected port Address[18]
WARNING: [Synth 8-3331] design InstructionMemory has unconnected port Address[17]
WARNING: [Synth 8-3331] design InstructionMemory has unconnected port Address[16]
WARNING: [Synth 8-3331] design InstructionMemory has unconnected port Address[15]
WARNING: [Synth 8-3331] design InstructionMemory has unconnected port Address[14]
WARNING: [Synth 8-3331] design InstructionMemory has unconnected port Address[1]
WARNING: [Synth 8-3331] design InstructionMemory has unconnected port Address[0]
---------------------------------------------------------------------------------
Finished Cross Boundary Optimization : Time (s): cpu = 00:00:14 ; elapsed = 00:00:15 . Memory (MB): peak = 628.141 ; gain = 420.570
---------------------------------------------------------------------------------
Finished Parallel Reinference  : Time (s): cpu = 00:00:14 ; elapsed = 00:00:15 . Memory (MB): peak = 628.141 ; gain = 420.570

Report RTL Partitions: 
+-+--------------+------------+----------+
| |RTL Partition |Replication |Instances |
+-+--------------+------------+----------+
+-+--------------+------------+----------+
---------------------------------------------------------------------------------
Start ROM, RAM, DSP and Shift Register Reporting
---------------------------------------------------------------------------------

ROM:
+------------------+------------+---------------+----------------+
|Module Name       | RTL Object | Depth x Width | Implemented As | 
+------------------+------------+---------------+----------------+
|InstructionMemory | p_0_out    | 4096x32       | LUT            | 
|InstructionMemory | p_0_out    | 4096x32       | LUT            | 
+------------------+------------+---------------+----------------+


Distributed RAM: Preliminary Mapping  Report (see note below)
+------------+------------+-----------+----------------------+----------------------------------+
|Module Name | RTL Object | Inference | Size (Depth x Width) | Primitives                       | 
+------------+------------+-----------+----------------------+----------------------------------+
|DataMemory  | memory_reg | Implied   | 2 K x 32             | RAM16X1S x 32  RAM256X1S x 128   | 
+------------+------------+-----------+----------------------+----------------------------------+

Note: The table above is a preliminary report that shows the Distributed RAMs at the current stage of the synthesis flow. Some Distributed RAMs may be reimplemented as non Distributed RAM primitives later in the synthesis flow. Multiple instantiated RAMs are reported only once.

DSP: Preliminary Mapping  Report (see note below)
+------------+----------------+--------+--------+--------+--------+--------+------+------+------+------+-------+------+------+
|Module Name | DSP Mapping    | A Size | B Size | C Size | D Size | P Size | AREG | BREG | CREG | DREG | ADREG | MREG | PREG | 
+------------+----------------+--------+--------+--------+--------+--------+------+------+------+------+-------+------+------+
|ALU32Bit    | A*B            | 18     | 16     | -      | -      | 48     | 0    | 0    | -    | -    | -     | 0    | 0    | 
|ALU32Bit    | (PCIN>>17)+A*B | 16     | 16     | -      | -      | 30     | 0    | 0    | -    | -    | -     | 0    | 0    | 
|ALU32Bit    | A*B            | 18     | 18     | -      | -      | 48     | 0    | 0    | -    | -    | -     | 0    | 0    | 
|ALU32Bit    | (PCIN>>17)+A*B | 18     | 16     | -      | -      | 47     | 0    | 0    | -    | -    | -     | 0    | 0    | 
|ALU32Bit    | A*B            | 18     | 15     | -      | -      | 48     | 0    | 0    | -    | -    | -     | 0    | 0    | 
|ALU32Bit    | (PCIN>>17)+A*B | 15     | 15     | -      | -      | 48     | 0    | 0    | -    | -    | -     | 0    | 0    | 
|ALU32Bit    | A*B            | 18     | 18     | -      | -      | 48     | 0    | 0    | -    | -    | -     | 0    | 0    | 
|ALU32Bit    | (PCIN>>17)+A*B | 18     | 15     | -      | -      | 48     | 0    | 0    | -    | -    | -     | 0    | 0    | 
+------------+----------------+--------+--------+--------+--------+--------+------+------+------+------+-------+------+------+

Note: The table above is a preliminary report that shows the DSPs inferred at the current stage of the synthesis flow. Some DSP may be reimplemented as non DSP primitives later in the synthesis flow. Multiple instantiated DSPs are reported only once.
---------------------------------------------------------------------------------
Finished ROM, RAM, DSP and Shift Register Reporting
---------------------------------------------------------------------------------
---------------------------------------------------------------------------------
Start Area Optimization
---------------------------------------------------------------------------------
---------------------------------------------------------------------------------
Finished Area Optimization : Time (s): cpu = 00:00:20 ; elapsed = 00:00:21 . Memory (MB): peak = 628.141 ; gain = 420.570
---------------------------------------------------------------------------------
Finished Parallel Area Optimization  : Time (s): cpu = 00:00:20 ; elapsed = 00:00:21 . Memory (MB): peak = 628.141 ; gain = 420.570

Report RTL Partitions: 
+-+--------------+------------+----------+
| |RTL Partition |Replication |Instances |
+-+--------------+------------+----------+
+-+--------------+------------+----------+
---------------------------------------------------------------------------------
Start Timing Optimization
---------------------------------------------------------------------------------
---------------------------------------------------------------------------------
Start Applying XDC Timing Constraints
---------------------------------------------------------------------------------
---------------------------------------------------------------------------------
Finished Applying XDC Timing Constraints : Time (s): cpu = 00:00:29 ; elapsed = 00:00:31 . Memory (MB): peak = 672.172 ; gain = 464.602
---------------------------------------------------------------------------------
---------------------------------------------------------------------------------
Finished Timing Optimization : Time (s): cpu = 00:00:29 ; elapsed = 00:00:31 . Memory (MB): peak = 672.188 ; gain = 464.617
---------------------------------------------------------------------------------

Report RTL Partitions: 
+-+--------------+------------+----------+
| |RTL Partition |Replication |Instances |
+-+--------------+------------+----------+
+-+--------------+------------+----------+
---------------------------------------------------------------------------------
Start Technology Mapping
---------------------------------------------------------------------------------
---------------------------------------------------------------------------------
Finished Technology Mapping : Time (s): cpu = 00:00:30 ; elapsed = 00:00:32 . Memory (MB): peak = 695.277 ; gain = 487.707
---------------------------------------------------------------------------------
Finished Parallel Technology Mapping Optimization  : Time (s): cpu = 00:00:30 ; elapsed = 00:00:32 . Memory (MB): peak = 695.277 ; gain = 487.707

Report RTL Partitions: 
+-+--------------+------------+----------+
| |RTL Partition |Replication |Instances |
+-+--------------+------------+----------+
+-+--------------+------------+----------+
Finished Parallel Synthesis Optimization  : Time (s): cpu = 00:00:30 ; elapsed = 00:00:32 . Memory (MB): peak = 695.277 ; gain = 487.707
---------------------------------------------------------------------------------
Start IO Insertion
---------------------------------------------------------------------------------
---------------------------------------------------------------------------------
Start Flattening Before IO Insertion
---------------------------------------------------------------------------------
---------------------------------------------------------------------------------
Finished Flattening Before IO Insertion
---------------------------------------------------------------------------------
---------------------------------------------------------------------------------
Start Final Netlist Cleanup
---------------------------------------------------------------------------------
---------------------------------------------------------------------------------
Finished Final Netlist Cleanup
---------------------------------------------------------------------------------
---------------------------------------------------------------------------------
Finished IO Insertion : Time (s): cpu = 00:00:31 ; elapsed = 00:00:32 . Memory (MB): peak = 695.277 ; gain = 487.707
---------------------------------------------------------------------------------

Report Check Netlist: 
+------+------------------+-------+---------+-------+------------------+
|      |Item              |Errors |Warnings |Status |Description       |
+------+------------------+-------+---------+-------+------------------+
|1     |multi_driven_nets |      0|        0|Passed |Multi driven nets |
+------+------------------+-------+---------+-------+------------------+
---------------------------------------------------------------------------------
Start Renaming Generated Instances
---------------------------------------------------------------------------------
---------------------------------------------------------------------------------
Finished Renaming Generated Instances : Time (s): cpu = 00:00:31 ; elapsed = 00:00:32 . Memory (MB): peak = 695.277 ; gain = 487.707
---------------------------------------------------------------------------------

Report RTL Partitions: 
+-+--------------+------------+----------+
| |RTL Partition |Replication |Instances |
+-+--------------+------------+----------+
+-+--------------+------------+----------+
---------------------------------------------------------------------------------
Start Rebuilding User Hierarchy
---------------------------------------------------------------------------------
---------------------------------------------------------------------------------
Finished Rebuilding User Hierarchy : Time (s): cpu = 00:00:31 ; elapsed = 00:00:32 . Memory (MB): peak = 695.277 ; gain = 487.707
---------------------------------------------------------------------------------
---------------------------------------------------------------------------------
Start Renaming Generated Ports
---------------------------------------------------------------------------------
---------------------------------------------------------------------------------
Finished Renaming Generated Ports : Time (s): cpu = 00:00:31 ; elapsed = 00:00:32 . Memory (MB): peak = 695.277 ; gain = 487.707
---------------------------------------------------------------------------------
---------------------------------------------------------------------------------
Start Handling Custom Attributes
---------------------------------------------------------------------------------
---------------------------------------------------------------------------------
Finished Handling Custom Attributes : Time (s): cpu = 00:00:31 ; elapsed = 00:00:33 . Memory (MB): peak = 695.277 ; gain = 487.707
---------------------------------------------------------------------------------
---------------------------------------------------------------------------------
Start Renaming Generated Nets
---------------------------------------------------------------------------------
---------------------------------------------------------------------------------
Finished Renaming Generated Nets : Time (s): cpu = 00:00:31 ; elapsed = 00:00:33 . Memory (MB): peak = 695.277 ; gain = 487.707
---------------------------------------------------------------------------------
---------------------------------------------------------------------------------
Start Writing Synthesis Report
---------------------------------------------------------------------------------

Report BlackBoxes: 
+-+--------------+----------+
| |BlackBox name |Instances |
+-+--------------+----------+
+-+--------------+----------+

Report Cell Usage: 
+------+----------+------+
|      |Cell      |Count |
+------+----------+------+
|1     |BUFG      |     1|
|2     |CARRY4    |   104|
|3     |DSP48E1   |     8|
|4     |LUT1      |   109|
|5     |LUT2      |   278|
|6     |LUT3      |   791|
|7     |LUT4      |   368|
|8     |LUT5      |   364|
|9     |LUT6      |  1166|
|10    |MUXF7     |   305|
|11    |MUXF8     |    24|
|12    |RAM16X1S  |    32|
|13    |RAM256X1S |   128|
|14    |FDRE      |  1770|
|15    |IBUF      |     2|
+------+----------+------+

Report Instance Areas: 
+------+-------------------------+----------------------+------+
|      |Instance                 |Module                |Cells |
+------+-------------------------+----------------------+------+
|1     |top                      |                      |  5450|
|2     |  JumpOrBranchMux        |Mux32Bit2To1__9       |    32|
|3     |  PCSrcMux               |Mux32Bit2To1__10      |    32|
|4     |  pc                     |ProgramCounter        |    33|
|5     |  pcadd                  |PCAdder               |    39|
|6     |  im                     |InstructionMemory     |    56|
|7     |  IfId                   |FetchDecodeReg        |    65|
|8     |  fwdCtrl                |ForwardingController  |    38|
|9     |  hzdDetect              |HazardDetectionUnit   |    19|
|10    |  depCheck               |IsZero                |     7|
|11    |  ShfRSMux               |Mux5Bit2To1__1        |     5|
|12    |  ShfRTMux               |Mux5Bit2To1__2        |     5|
|13    |  rf                     |RegisterFile          |  1986|
|14    |  DecodeForwardRSWBMux   |Mux32Bit2To1__11      |    32|
|15    |  DecodeForwardRTWBMux   |Mux32Bit2To1__12      |    32|
|16    |  JumpImmOrReg           |Mux32Bit2To1__13      |    32|
|17    |  se                     |SignExtension         |    17|
|18    |  ctrl                   |Controller            |    98|
|19    |  addj                   |Adder32               |    40|
|20    |  de                     |DecodeExecuteReg      |   668|
|21    |  RegDstMux              |Mux5Bit2To1           |     5|
|22    |  sehb                   |SignExtensionHalfByte |     8|
|23    |  ExecuteForwardRSWBMux  |Mux32Bit2To1__14      |    32|
|24    |  ExecuteForwardRTWBMux  |Mux32Bit2To1__15      |    32|
|25    |  ExecuteForwardRSMemMux |Mux32Bit2To1__16      |    32|
|26    |  ExecuteForwardRTMemMux |Mux32Bit2To1__17      |    32|
|27    |  LUIMux                 |Mux32Bit2To1__18      |    32|
|28    |  ALUImmMux              |Mux32Bit3To1          |    32|
|29    |  ALU                    |ALU32Bit              |  1041|
|30    |  em                     |ExecuteMemoryReg      |   116|
|31    |  forwardWBMemMux        |Mux32Bit2To1__19      |    32|
|32    |  data_memory            |DataMemory            |   344|
|33    |  hilo                   |HILORegisters         |   128|
|34    |  memtoreg               |Mux32Bit2To1          |    32|
|35    |  mw                     |MemoryWriteBackReg    |   129|
|36    |  takeBranch             |CheckEqual            |   151|
+------+-------------------------+----------------------+------+
---------------------------------------------------------------------------------
Finished Writing Synthesis Report : Time (s): cpu = 00:00:31 ; elapsed = 00:00:33 . Memory (MB): peak = 695.277 ; gain = 487.707
---------------------------------------------------------------------------------
Synthesis finished with 0 errors, 0 critical warnings and 43 warnings.
Synthesis Optimization Runtime : Time (s): cpu = 00:00:22 ; elapsed = 00:00:27 . Memory (MB): peak = 695.277 ; gain = 179.375
Synthesis Optimization Complete : Time (s): cpu = 00:00:31 ; elapsed = 00:00:33 . Memory (MB): peak = 695.277 ; gain = 487.707
INFO: [Project 1-571] Translating synthesized netlist
INFO: [Netlist 29-17] Analyzing 274 Unisim elements for replacement
INFO: [Netlist 29-28] Unisim Transformation completed in 0 CPU seconds
INFO: [Project 1-570] Preparing netlist for logic optimization
INFO: [Opt 31-138] Pushed 1 inverter(s) to 64 load pin(s).
INFO: [Project 1-111] Unisim Transformation Summary:
  A total of 160 instances were transformed.
  RAM16X1S => RAM32X1S (RAMS32): 32 instances
  RAM256X1S => RAM256X1S (MUXF7, MUXF7, MUXF8, RAMS64E, RAMS64E, RAMS64E, RAMS64E): 128 instances

INFO: [Common 17-83] Releasing license: Synthesis
144 Infos, 68 Warnings, 0 Critical Warnings and 0 Errors encountered.
synth_design completed successfully
synth_design: Time (s): cpu = 00:00:32 ; elapsed = 00:00:32 . Memory (MB): peak = 695.277 ; gain = 487.707
report_utilization: Time (s): cpu = 00:00:00 ; elapsed = 00:00:00.035 . Memory (MB): peak = 695.277 ; gain = 0.000
INFO: [Common 17-206] Exiting Vivado at Tue Dec 05 22:37:49 2017...
