INFO: [VRFC 10-2263] Analyzing Verilog file "D:/Users/Ryan/Documents/ECE369a/lab369a/LAB8-11/DatapathComponents/lab8-11/lab8-11.sim/sim_1/synth/timing/Processor_time_synth.v" into library xil_defaultlib
INFO: [VRFC 10-311] analyzing module RAM256X1S_UNIQ_BASE_
INFO: [VRFC 10-311] analyzing module RAM256X1S_HD42
INFO: [VRFC 10-311] analyzing module RAM256X1S_HD43
INFO: [VRFC 10-311] analyzing module RAM256X1S_HD44
INFO: [VRFC 10-311] analyzing module RAM256X1S_HD45
INFO: [VRFC 10-311] analyzing module RAM256X1S_HD46
INFO: [VRFC 10-311] analyzing module RAM256X1S_HD47
INFO: [VRFC 10-311] analyzing module RAM256X1S_HD48
INFO: [VRFC 10-311] analyzing module RAM256X1S_HD49
INFO: [VRFC 10-311] analyzing module RAM256X1S_HD50
INFO: [VRFC 10-311] analyzing module RAM256X1S_HD51
INFO: [VRFC 10-311] analyzing module RAM256X1S_HD52
INFO: [VRFC 10-311] analyzing module RAM256X1S_HD53
INFO: [VRFC 10-311] analyzing module RAM256X1S_HD54
INFO: [VRFC 10-311] analyzing module RAM256X1S_HD55
INFO: [VRFC 10-311] analyzing module RAM256X1S_HD56
INFO: [VRFC 10-311] analyzing module RAM256X1S_HD57
INFO: [VRFC 10-311] analyzing module RAM256X1S_HD58
INFO: [VRFC 10-311] analyzing module RAM256X1S_HD59
INFO: [VRFC 10-311] analyzing module RAM256X1S_HD60
INFO: [VRFC 10-311] analyzing module RAM256X1S_HD61
INFO: [VRFC 10-311] analyzing module RAM256X1S_HD62
INFO: [VRFC 10-311] analyzing module RAM256X1S_HD63
INFO: [VRFC 10-311] analyzing module RAM256X1S_HD64
INFO: [VRFC 10-311] analyzing module RAM256X1S_HD65
INFO: [VRFC 10-311] analyzing module RAM256X1S_HD66
INFO: [VRFC 10-311] analyzing module RAM256X1S_HD67
INFO: [VRFC 10-311] analyzing module RAM256X1S_HD68
INFO: [VRFC 10-311] analyzing module RAM256X1S_HD69
INFO: [VRFC 10-311] analyzing module RAM256X1S_HD70
INFO: [VRFC 10-311] analyzing module RAM256X1S_HD71
INFO: [VRFC 10-311] analyzing module RAM256X1S_HD72
INFO: [VRFC 10-311] analyzing module ALU32Bit
INFO: [VRFC 10-311] analyzing module DataMemory
INFO: [VRFC 10-311] analyzing module DecodeExecuteReg
INFO: [VRFC 10-311] analyzing module ExecuteMemoryReg
INFO: [VRFC 10-311] analyzing module FetchDecodeReg
INFO: [VRFC 10-311] analyzing module HILORegisters
INFO: [VRFC 10-311] analyzing module InstructionMemory
INFO: [VRFC 10-311] analyzing module MemoryWriteBackReg
INFO: [VRFC 10-311] analyzing module Mux32Bit2To1
INFO: [VRFC 10-311] analyzing module PCAdder
INFO: [VRFC 10-311] analyzing module Processor
INFO: [VRFC 10-311] analyzing module ProgramCounter
INFO: [VRFC 10-311] analyzing module RegisterFile
INFO: [VRFC 10-311] analyzing module glbl
