Vivado Simulator 2016.2
Copyright 1986-1999, 2001-2016 Xilinx, Inc. All Rights Reserved.
Running: C:/Xilinx/Vivado/2016.2/bin/unwrapped/win64.o/xelab.exe -wto 92baab12fd0a49c9ae751c73dcde3784 --debug typical --relax --mt 2 -L xil_defaultlib -L unisims_ver -L secureip --snapshot Processor_func_impl xil_defaultlib.Processor xil_defaultlib.glbl -log elaborate.log 
Using 2 slave threads.
Starting static elaboration
Completed static elaboration
Starting simulation data flow analysis
Completed simulation data flow analysis
Time Resolution for simulation is 1ps
Compiling module unisims_ver.DSP48E1(ACASCREG=0,ALUMODEREG=0,...
Compiling module unisims_ver.x_lut2_mux4
Compiling module unisims_ver.LUT2
Compiling module unisims_ver.LUT6
Compiling module unisims_ver.CARRY4
Compiling module unisims_ver.x_lut3_mux4
Compiling module unisims_ver.x_lut3_mux4_reduced_0
Compiling module unisims_ver.LUT3
Compiling module unisims_ver.LUT4
Compiling module unisims_ver.LUT5
Compiling module xil_defaultlib.ALU32Bit
Compiling module unisims_ver.BUFG
Compiling module unisims_ver.IBUF
Compiling module unisims_ver.sffsrce_fdre
Compiling module unisims_ver.FDRE(IS_C_INVERTED=1'b1)
Compiling module xil_defaultlib.FetchDecodeReg
Compiling module unisims_ver.FDRE
Compiling module unisims_ver.x_lut1_mux2
Compiling module unisims_ver.LUT1
Compiling module xil_defaultlib.DecodeExecuteReg
Compiling module unisims_ver.SRL16E
Compiling module xil_defaultlib.ExecuteMemoryReg
Compiling module xil_defaultlib.HILORegisters
Compiling module unisims_ver.GND
Compiling module unisims_ver.MUXF8
Compiling module unisims_ver.MUXF7
Compiling module xil_defaultlib.InstructionMemory
Compiling module xil_defaultlib.Mux32Bit2To1
Compiling module xil_defaultlib.MemoryWriteBackReg
Compiling module xil_defaultlib.ProgramCounter
Compiling module xil_defaultlib.PCAdder
Compiling module unisims_ver.RB18_INTERNAL_VLOG(DOA_REG=0,DOB...
Compiling module unisims_ver.RAMB18E1(IS_CLKARDCLK_INVERTED=1...
Compiling module xil_defaultlib.RegisterFile
Compiling module xil_defaultlib.Processor
Compiling module xil_defaultlib.glbl
Built simulation snapshot Processor_func_impl
