#-----------------------------------------------------------
# Vivado v2015.4.2 (64-bit)
# SW Build 1494164 on Fri Feb 26 04:18:56 MST 2016
# IP Build 1491208 on Wed Feb 24 03:25:39 MST 2016
# Start of session at: Mon Oct 09 13:58:31 2017
# Process ID: 16332
# Current directory: C:/Users/ryanjsims/lab369a/LAB8-11/DatapathComponents/lab8-11
# Command line: vivado.exe -gui_launcher_event rodinguilauncherevent2020 C:\Users\ryanjsims\lab369a\LAB8-11\DatapathComponents\lab8-11\lab8-11.xpr
# Log file: C:/Users/ryanjsims/lab369a/LAB8-11/DatapathComponents/lab8-11/vivado.log
# Journal file: C:/Users/ryanjsims/lab369a/LAB8-11/DatapathComponents/lab8-11\vivado.jou
#-----------------------------------------------------------
start_gui
open_project C:/Users/ryanjsims/lab369a/LAB8-11/DatapathComponents/lab8-11/lab8-11.xpr
Scanning sources...
Finished scanning sources
INFO: [IP_Flow 19-234] Refreshing IP repositories
INFO: [IP_Flow 19-1704] No user IP repositories specified
INFO: [IP_Flow 19-2313] Loaded Vivado IP repository 'C:/Xilinx/Vivado/2015.4/data/ip'.
close [ open C:/Users/ryanjsims/lab369a/LAB8-11/DatapathComponents/Processor/Processor.v w ]
add_files C:/Users/ryanjsims/lab369a/LAB8-11/DatapathComponents/Processor/Processor.v
update_compile_order -fileset sources_1
add_files -norecurse {C:/Users/ryanjsims/lab369a/PCAdder.v C:/Users/ryanjsims/lab369a/ProgramCounter.v C:/Users/ryanjsims/lab369a/InstructionMemory.v C:/Users/ryanjsims/lab369a/InstructionFetchUnit.v}
update_compile_order -fileset sources_1
close [ open C:/Users/ryanjsims/lab369a/LAB8-11/DatapathComponents/PipelineReg/PipelineReg.v w ]
add_files C:/Users/ryanjsims/lab369a/LAB8-11/DatapathComponents/PipelineReg/PipelineReg.v
update_compile_order -fileset sources_1
add_files -norecurse C:/Users/ryanjsims/lab369a/LAB8-11/DatapathComponents/PipelineReg/FetchDecodeReg.v
update_compile_order -fileset sources_1
add_files -norecurse C:/Users/ryanjsims/lab369a/LAB8-11/DatapathComponents/PipelineReg/DecodeExecuteReg.v
update_compile_order -fileset sources_1
exit
INFO: [Common 17-206] Exiting Vivado at Mon Oct 09 15:15:11 2017...
