
*** Running vivado
    with args -log Processor.vds -m64 -mode batch -messageDb vivado.pb -notrace -source Processor.tcl


****** Vivado v2015.4.2 (64-bit)
  **** SW Build 1494164 on Fri Feb 26 04:18:56 MST 2016
  **** IP Build 1491208 on Wed Feb 24 03:25:39 MST 2016
    ** Copyright 1986-2015 Xilinx, Inc. All Rights Reserved.

source Processor.tcl -notrace
Command: synth_design -top Processor -part xc7a100tcsg324-1
Starting synth_design
Attempting to get a license for feature 'Synthesis' and/or device 'xc7a100t'
INFO: [Common 17-349] Got license for feature 'Synthesis' and/or device 'xc7a100t'
INFO: [Common 17-1223] The version limit for your license is '2016.08' and will expire in -439 days. A version limit expiration means that, although you may be able to continue to use the current version of tools or IP with this license, you will not be eligible for any updates or new releases.
---------------------------------------------------------------------------------
Starting RTL Elaboration : Time (s): cpu = 00:00:04 ; elapsed = 00:00:05 . Memory (MB): peak = 285.535 ; gain = 114.020
---------------------------------------------------------------------------------
INFO: [Synth 8-638] synthesizing module 'Processor' [C:/Users/ryanjsims/lab369a/LAB8-11/DatapathComponents/Processor/Processor.v:17]
INFO: [Synth 8-5534] Detected attribute (* mark_debug = "true" *) [C:/Users/ryanjsims/lab369a/LAB8-11/DatapathComponents/Processor/Processor.v:24]
INFO: [Synth 8-5534] Detected attribute (* mark_debug = "true" *) [C:/Users/ryanjsims/lab369a/LAB8-11/DatapathComponents/Processor/Processor.v:25]
INFO: [Synth 8-5534] Detected attribute (* mark_debug = "true" *) [C:/Users/ryanjsims/lab369a/LAB8-11/DatapathComponents/Processor/Processor.v:29]
INFO: [Synth 8-5534] Detected attribute (* mark_debug = "true" *) [C:/Users/ryanjsims/lab369a/LAB8-11/DatapathComponents/Processor/Processor.v:61]
INFO: [Synth 8-5534] Detected attribute (* mark_debug = "true" *) [C:/Users/ryanjsims/lab369a/LAB8-11/DatapathComponents/Processor/Processor.v:70]
INFO: [Synth 8-638] synthesizing module 'Or2Gate' [C:/Users/ryanjsims/lab369a/LAB8-11/DatapathComponents/Or2Gate/Or2Gate.v:23]
INFO: [Synth 8-256] done synthesizing module 'Or2Gate' (1#1) [C:/Users/ryanjsims/lab369a/LAB8-11/DatapathComponents/Or2Gate/Or2Gate.v:23]
INFO: [Synth 8-638] synthesizing module 'Mux32Bit2To1' [C:/Users/ryanjsims/lab369a/LAB8-11/DatapathComponents/Mux32Bit2To1/Mux32Bit2To1.v:10]
INFO: [Synth 8-256] done synthesizing module 'Mux32Bit2To1' (2#1) [C:/Users/ryanjsims/lab369a/LAB8-11/DatapathComponents/Mux32Bit2To1/Mux32Bit2To1.v:10]
INFO: [Synth 8-638] synthesizing module 'ProgramCounter' [C:/Users/ryanjsims/lab369a/LAB8-11/DatapathComponents/ProgramCounter.v:27]
INFO: [Synth 8-5534] Detected attribute (* mark_debug = "true" *) [C:/Users/ryanjsims/lab369a/LAB8-11/DatapathComponents/ProgramCounter.v:32]
INFO: [Synth 8-256] done synthesizing module 'ProgramCounter' (3#1) [C:/Users/ryanjsims/lab369a/LAB8-11/DatapathComponents/ProgramCounter.v:27]
INFO: [Synth 8-638] synthesizing module 'PCAdder' [C:/Users/ryanjsims/lab369a/LAB8-11/DatapathComponents/PCAdder.v:22]
INFO: [Synth 8-256] done synthesizing module 'PCAdder' (4#1) [C:/Users/ryanjsims/lab369a/LAB8-11/DatapathComponents/PCAdder.v:22]
INFO: [Synth 8-638] synthesizing module 'InstructionMemory' [C:/Users/ryanjsims/lab369a/InstructionMemory.v:39]
INFO: [Synth 8-256] done synthesizing module 'InstructionMemory' (5#1) [C:/Users/ryanjsims/lab369a/InstructionMemory.v:39]
INFO: [Synth 8-638] synthesizing module 'FetchDecodeReg' [C:/Users/ryanjsims/lab369a/LAB8-11/DatapathComponents/PipelineReg/FetchDecodeReg.v:23]
INFO: [Synth 8-256] done synthesizing module 'FetchDecodeReg' (6#1) [C:/Users/ryanjsims/lab369a/LAB8-11/DatapathComponents/PipelineReg/FetchDecodeReg.v:23]
INFO: [Synth 8-638] synthesizing module 'ForwardingController' [C:/Users/ryanjsims/lab369a/LAB8-11/DatapathComponents/ForwardingController/ForwardingController.v:23]
INFO: [Synth 8-256] done synthesizing module 'ForwardingController' (7#1) [C:/Users/ryanjsims/lab369a/LAB8-11/DatapathComponents/ForwardingController/ForwardingController.v:23]
INFO: [Synth 8-638] synthesizing module 'IsZero' [C:/Users/ryanjsims/lab369a/LAB8-11/DatapathComponents/CheckEqual/IsZero.v:23]
INFO: [Synth 8-256] done synthesizing module 'IsZero' (8#1) [C:/Users/ryanjsims/lab369a/LAB8-11/DatapathComponents/CheckEqual/IsZero.v:23]
INFO: [Synth 8-638] synthesizing module 'And2Gate' [C:/Users/ryanjsims/lab369a/LAB8-11/DatapathComponents/And2Gate/And2Gate.v:23]
INFO: [Synth 8-256] done synthesizing module 'And2Gate' (9#1) [C:/Users/ryanjsims/lab369a/LAB8-11/DatapathComponents/And2Gate/And2Gate.v:23]
INFO: [Synth 8-638] synthesizing module 'Xor2Gate' [C:/Users/ryanjsims/lab369a/LAB8-11/DatapathComponents/Xor2Gate/Xor2Gate.v:23]
INFO: [Synth 8-256] done synthesizing module 'Xor2Gate' (10#1) [C:/Users/ryanjsims/lab369a/LAB8-11/DatapathComponents/Xor2Gate/Xor2Gate.v:23]
INFO: [Synth 8-638] synthesizing module 'Mux5Bit2To1' [C:/Users/ryanjsims/lab369a/LAB8-11/DatapathComponents/Mux32Bit2To1/Mux5Bit2To1.v:23]
INFO: [Synth 8-256] done synthesizing module 'Mux5Bit2To1' (11#1) [C:/Users/ryanjsims/lab369a/LAB8-11/DatapathComponents/Mux32Bit2To1/Mux5Bit2To1.v:23]
INFO: [Synth 8-638] synthesizing module 'RegisterFile' [C:/Users/ryanjsims/lab369a/LAB8-11/DatapathComponents/RegisterFile/RegisterFile.v:51]
INFO: [Synth 8-256] done synthesizing module 'RegisterFile' (12#1) [C:/Users/ryanjsims/lab369a/LAB8-11/DatapathComponents/RegisterFile/RegisterFile.v:51]
INFO: [Synth 8-638] synthesizing module 'SignExtension' [C:/Users/ryanjsims/lab369a/LAB8-11/DatapathComponents/SignExtension/SignExtension.v:8]
INFO: [Synth 8-256] done synthesizing module 'SignExtension' (13#1) [C:/Users/ryanjsims/lab369a/LAB8-11/DatapathComponents/SignExtension/SignExtension.v:8]
INFO: [Synth 8-638] synthesizing module 'Controller' [C:/Users/ryanjsims/lab369a/LAB8-11/DatapathComponents/Controller.v:1]
INFO: [Synth 8-226] default block is never used [C:/Users/ryanjsims/lab369a/LAB8-11/DatapathComponents/Controller.v:338]
INFO: [Synth 8-256] done synthesizing module 'Controller' (14#1) [C:/Users/ryanjsims/lab369a/LAB8-11/DatapathComponents/Controller.v:1]
INFO: [Synth 8-638] synthesizing module 'ShiftLeft2' [C:/Users/ryanjsims/lab369a/LAB8-11/DatapathComponents/ShiftLeft2/ShiftLeft2.v:23]
INFO: [Synth 8-256] done synthesizing module 'ShiftLeft2' (15#1) [C:/Users/ryanjsims/lab369a/LAB8-11/DatapathComponents/ShiftLeft2/ShiftLeft2.v:23]
INFO: [Synth 8-638] synthesizing module 'Adder32' [C:/Users/ryanjsims/lab369a/LAB8-11/DatapathComponents/Adder32/Adder32.v:23]
INFO: [Synth 8-256] done synthesizing module 'Adder32' (16#1) [C:/Users/ryanjsims/lab369a/LAB8-11/DatapathComponents/Adder32/Adder32.v:23]
INFO: [Synth 8-638] synthesizing module 'CheckEqual' [C:/Users/ryanjsims/lab369a/LAB8-11/DatapathComponents/CheckEqual/CheckEqual.v:23]
INFO: [Synth 8-256] done synthesizing module 'CheckEqual' (17#1) [C:/Users/ryanjsims/lab369a/LAB8-11/DatapathComponents/CheckEqual/CheckEqual.v:23]
INFO: [Synth 8-638] synthesizing module 'BranchController' [C:/Users/ryanjsims/lab369a/LAB8-11/DatapathComponents/BranchController/BranchController.v:23]
INFO: [Synth 8-256] done synthesizing module 'BranchController' (18#1) [C:/Users/ryanjsims/lab369a/LAB8-11/DatapathComponents/BranchController/BranchController.v:23]
INFO: [Synth 8-638] synthesizing module 'DecodeExecuteReg' [C:/Users/ryanjsims/lab369a/LAB8-11/DatapathComponents/PipelineReg/DecodeExecuteReg.v:23]
INFO: [Synth 8-256] done synthesizing module 'DecodeExecuteReg' (19#1) [C:/Users/ryanjsims/lab369a/LAB8-11/DatapathComponents/PipelineReg/DecodeExecuteReg.v:23]
INFO: [Synth 8-638] synthesizing module 'SignExtensionHalfByte' [C:/Users/ryanjsims/lab369a/LAB8-11/DatapathComponents/SignExtension/SignExtensionHalfByte.v:23]
INFO: [Synth 8-256] done synthesizing module 'SignExtensionHalfByte' (20#1) [C:/Users/ryanjsims/lab369a/LAB8-11/DatapathComponents/SignExtension/SignExtensionHalfByte.v:23]
INFO: [Synth 8-638] synthesizing module 'Mux32Bit3To1' [C:/Users/ryanjsims/lab369a/LAB8-11/DatapathComponents/Mux32Bit2To1/Mux32Bit3To1.v:10]
INFO: [Synth 8-256] done synthesizing module 'Mux32Bit3To1' (21#1) [C:/Users/ryanjsims/lab369a/LAB8-11/DatapathComponents/Mux32Bit2To1/Mux32Bit3To1.v:10]
INFO: [Synth 8-638] synthesizing module 'ALU32Bit' [C:/Users/ryanjsims/lab369a/LAB8-11/DatapathComponents/ALU32Bit/ALU32Bit.v:37]
INFO: [Synth 8-256] done synthesizing module 'ALU32Bit' (22#1) [C:/Users/ryanjsims/lab369a/LAB8-11/DatapathComponents/ALU32Bit/ALU32Bit.v:37]
INFO: [Synth 8-638] synthesizing module 'ExecuteMemoryReg' [C:/Users/ryanjsims/lab369a/LAB8-11/DatapathComponents/PipelineReg/ExecuteMemoryReg.v:23]
INFO: [Synth 8-256] done synthesizing module 'ExecuteMemoryReg' (23#1) [C:/Users/ryanjsims/lab369a/LAB8-11/DatapathComponents/PipelineReg/ExecuteMemoryReg.v:23]
INFO: [Synth 8-638] synthesizing module 'DataMemory' [C:/Users/ryanjsims/lab369a/LAB8-11/DatapathComponents/DataMemory/DataMemory.v:38]
INFO: [Synth 8-256] done synthesizing module 'DataMemory' (24#1) [C:/Users/ryanjsims/lab369a/LAB8-11/DatapathComponents/DataMemory/DataMemory.v:38]
INFO: [Synth 8-638] synthesizing module 'HILORegisters' [C:/Users/ryanjsims/lab369a/LAB8-11/DatapathComponents/HILORegisters/HILORegisters.v:23]
INFO: [Synth 8-5534] Detected attribute (* mark_debug = "true" *) [C:/Users/ryanjsims/lab369a/LAB8-11/DatapathComponents/HILORegisters/HILORegisters.v:36]
INFO: [Synth 8-256] done synthesizing module 'HILORegisters' (25#1) [C:/Users/ryanjsims/lab369a/LAB8-11/DatapathComponents/HILORegisters/HILORegisters.v:23]
INFO: [Synth 8-638] synthesizing module 'MemoryWriteBackReg' [C:/Users/ryanjsims/lab369a/LAB8-11/DatapathComponents/PipelineReg/MemoryWriteBackReg.v:23]
INFO: [Synth 8-256] done synthesizing module 'MemoryWriteBackReg' (26#1) [C:/Users/ryanjsims/lab369a/LAB8-11/DatapathComponents/PipelineReg/MemoryWriteBackReg.v:23]
INFO: [Synth 8-256] done synthesizing module 'Processor' (27#1) [C:/Users/ryanjsims/lab369a/LAB8-11/DatapathComponents/Processor/Processor.v:17]
---------------------------------------------------------------------------------
Finished RTL Elaboration : Time (s): cpu = 00:00:06 ; elapsed = 00:00:06 . Memory (MB): peak = 327.594 ; gain = 156.078
---------------------------------------------------------------------------------

Report Check Netlist: 
+------+------------------+-------+---------+-------+------------------+
|      |Item              |Errors |Warnings |Status |Description       |
+------+------------------+-------+---------+-------+------------------+
|1     |multi_driven_nets |      0|        0|Passed |Multi driven nets |
+------+------------------+-------+---------+-------+------------------+
---------------------------------------------------------------------------------
Finished RTL Optimization Phase 1 : Time (s): cpu = 00:00:06 ; elapsed = 00:00:07 . Memory (MB): peak = 327.594 ; gain = 156.078
---------------------------------------------------------------------------------
INFO: [Device 21-403] Loading part xc7a100tcsg324-1
INFO: [Project 1-570] Preparing netlist for logic optimization

Processing XDC Constraints
Initializing timing engine
Parsing XDC File [C:/Users/ryanjsims/lab369a/LAB8-11/DatapathComponents/constrants.xdc]
Finished Parsing XDC File [C:/Users/ryanjsims/lab369a/LAB8-11/DatapathComponents/constrants.xdc]
INFO: [Project 1-236] Implementation specific constraints were found while reading constraint file [C:/Users/ryanjsims/lab369a/LAB8-11/DatapathComponents/constrants.xdc]. These constraints will be ignored for synthesis but will be used in implementation. Impacted constraints are listed in the file [.Xil/Processor_propImpl.xdc].
Resolution: To avoid this warning, move constraints listed in [.Xil/Processor_propImpl.xdc] to another XDC file and exclude this new file from synthesis with the used_in_synthesis property (File Properties dialog in GUI) and re-run elaboration/synthesis.
Completed Processing XDC Constraints

INFO: [Project 1-111] Unisim Transformation Summary:
No Unisim elements were transformed.

Constraint Validation Runtime : Time (s): cpu = 00:00:00 ; elapsed = 00:00:00 . Memory (MB): peak = 631.832 ; gain = 0.000
---------------------------------------------------------------------------------
Finished Constraint Validation : Time (s): cpu = 00:00:11 ; elapsed = 00:00:12 . Memory (MB): peak = 631.832 ; gain = 460.316
---------------------------------------------------------------------------------
---------------------------------------------------------------------------------
Start Loading Part and Timing Information
---------------------------------------------------------------------------------
Loading part: xc7a100tcsg324-1
---------------------------------------------------------------------------------
Finished Loading Part and Timing Information : Time (s): cpu = 00:00:11 ; elapsed = 00:00:12 . Memory (MB): peak = 631.832 ; gain = 460.316
---------------------------------------------------------------------------------
---------------------------------------------------------------------------------
Start Applying 'set_property' XDC Constraints
---------------------------------------------------------------------------------
---------------------------------------------------------------------------------
Finished applying 'set_property' XDC Constraints : Time (s): cpu = 00:00:11 ; elapsed = 00:00:12 . Memory (MB): peak = 631.832 ; gain = 460.316
---------------------------------------------------------------------------------
INFO: [Synth 8-5546] ROM "registers_reg[0]" won't be mapped to RAM because it is too sparse
INFO: [Synth 8-5546] ROM "registers_reg[1]" won't be mapped to RAM because it is too sparse
INFO: [Synth 8-5546] ROM "registers_reg[2]" won't be mapped to RAM because it is too sparse
INFO: [Synth 8-5546] ROM "registers_reg[3]" won't be mapped to RAM because it is too sparse
INFO: [Synth 8-5546] ROM "registers_reg[4]" won't be mapped to RAM because it is too sparse
INFO: [Synth 8-5546] ROM "registers_reg[5]" won't be mapped to RAM because it is too sparse
INFO: [Synth 8-5546] ROM "registers_reg[6]" won't be mapped to RAM because it is too sparse
INFO: [Synth 8-5546] ROM "registers_reg[7]" won't be mapped to RAM because it is too sparse
INFO: [Synth 8-5546] ROM "registers_reg[8]" won't be mapped to RAM because it is too sparse
INFO: [Synth 8-5546] ROM "registers_reg[9]" won't be mapped to RAM because it is too sparse
INFO: [Synth 8-5546] ROM "registers_reg[10]" won't be mapped to RAM because it is too sparse
INFO: [Synth 8-5546] ROM "registers_reg[11]" won't be mapped to RAM because it is too sparse
INFO: [Synth 8-5546] ROM "registers_reg[12]" won't be mapped to RAM because it is too sparse
INFO: [Synth 8-5546] ROM "registers_reg[13]" won't be mapped to RAM because it is too sparse
INFO: [Synth 8-5546] ROM "registers_reg[14]" won't be mapped to RAM because it is too sparse
INFO: [Synth 8-5546] ROM "registers_reg[15]" won't be mapped to RAM because it is too sparse
INFO: [Synth 8-5546] ROM "registers_reg[16]" won't be mapped to RAM because it is too sparse
INFO: [Synth 8-5546] ROM "registers_reg[17]" won't be mapped to RAM because it is too sparse
INFO: [Synth 8-5546] ROM "registers_reg[18]" won't be mapped to RAM because it is too sparse
INFO: [Synth 8-5546] ROM "registers_reg[19]" won't be mapped to RAM because it is too sparse
INFO: [Synth 8-5546] ROM "registers_reg[20]" won't be mapped to RAM because it is too sparse
INFO: [Synth 8-5546] ROM "registers_reg[21]" won't be mapped to RAM because it is too sparse
INFO: [Synth 8-5546] ROM "registers_reg[22]" won't be mapped to RAM because it is too sparse
INFO: [Synth 8-5546] ROM "registers_reg[23]" won't be mapped to RAM because it is too sparse
INFO: [Synth 8-5546] ROM "registers_reg[24]" won't be mapped to RAM because it is too sparse
INFO: [Synth 8-5546] ROM "registers_reg[25]" won't be mapped to RAM because it is too sparse
INFO: [Synth 8-5546] ROM "registers_reg[26]" won't be mapped to RAM because it is too sparse
INFO: [Synth 8-5546] ROM "registers_reg[27]" won't be mapped to RAM because it is too sparse
INFO: [Synth 8-5546] ROM "registers_reg[28]" won't be mapped to RAM because it is too sparse
INFO: [Synth 8-5546] ROM "registers_reg[29]" won't be mapped to RAM because it is too sparse
INFO: [Synth 8-5546] ROM "registers_reg[30]" won't be mapped to RAM because it is too sparse
INFO: [Synth 8-5546] ROM "registers_reg[31]" won't be mapped to RAM because it is too sparse
INFO: [Synth 8-5546] ROM "ZeroExtend" won't be mapped to RAM because it is too sparse
INFO: [Synth 8-5546] ROM "Branch" won't be mapped to RAM because it is too sparse
INFO: [Synth 8-5546] ROM "ALUSrc" won't be mapped to RAM because it is too sparse
INFO: [Synth 8-5546] ROM "ALUSrc" won't be mapped to RAM because it is too sparse
INFO: [Synth 8-5546] ROM "ALUSrc" won't be mapped to RAM because it is too sparse
INFO: [Synth 8-5546] ROM "RegDst" won't be mapped to RAM because it is too sparse
INFO: [Synth 8-5546] ROM "ALUControl" won't be mapped to RAM because it is too sparse
INFO: [Synth 8-5546] ROM "ALUControl" won't be mapped to RAM because it is too sparse
INFO: [Synth 8-5546] ROM "ALUControl" won't be mapped to RAM because it is too sparse
INFO: [Synth 8-5546] ROM "ALUControl" won't be mapped to RAM because it is too sparse
INFO: [Synth 8-5546] ROM "MemWrite" won't be mapped to RAM because it is too sparse
INFO: [Synth 8-5546] ROM "MemRead" won't be mapped to RAM because it is too sparse
INFO: [Synth 8-5546] ROM "RegWrite" won't be mapped to RAM because it is too sparse
INFO: [Synth 8-5546] ROM "mfhi" won't be mapped to RAM because it is too sparse
INFO: [Synth 8-5546] ROM "mthi" won't be mapped to RAM because it is too sparse
INFO: [Synth 8-5546] ROM "mtlo" won't be mapped to RAM because it is too sparse
INFO: [Synth 8-5546] ROM "hi_read" won't be mapped to RAM because it is too sparse
INFO: [Synth 8-5546] ROM "hi_write" won't be mapped to RAM because it is too sparse
INFO: [Synth 8-5546] ROM "lo_read" won't be mapped to RAM because it is too sparse
INFO: [Synth 8-5546] ROM "lo_write" won't be mapped to RAM because it is too sparse
INFO: [Synth 8-5546] ROM "DepRegWrite" won't be mapped to RAM because it is too sparse
INFO: [Synth 8-5546] ROM "SE" won't be mapped to RAM because it is too sparse
INFO: [Synth 8-5546] ROM "UseByte" won't be mapped to RAM because it is too sparse
INFO: [Synth 8-5546] ROM "UseHalf" won't be mapped to RAM because it is too sparse
INFO: [Synth 8-5546] ROM "LUI" won't be mapped to RAM because it is too sparse
INFO: [Synth 8-5546] ROM "BranchCtrl" won't be mapped to RAM because it is too sparse
INFO: [Synth 8-5545] ROM "Zero" won't be mapped to RAM because address size (32) is larger than maximum supported(25)
---------------------------------------------------------------------------------
Finished RTL Optimization Phase 2 : Time (s): cpu = 00:00:12 ; elapsed = 00:00:13 . Memory (MB): peak = 631.832 ; gain = 460.316
---------------------------------------------------------------------------------

Report RTL Partitions: 
+-+--------------+------------+----------+
| |RTL Partition |Replication |Instances |
+-+--------------+------------+----------+
+-+--------------+------------+----------+
---------------------------------------------------------------------------------
Start RTL Component Statistics 
---------------------------------------------------------------------------------
Detailed RTL Component Info : 
+---Adders : 
	   2 Input     64 Bit       Adders := 2     
	   3 Input     64 Bit       Adders := 1     
	   2 Input     32 Bit       Adders := 3     
	   3 Input     32 Bit       Adders := 2     
+---XORs : 
	   2 Input     32 Bit         XORs := 1     
	   2 Input      1 Bit         XORs := 34    
+---Registers : 
	               32 Bit    Registers := 46    
	                5 Bit    Registers := 5     
	                4 Bit    Registers := 1     
	                2 Bit    Registers := 1     
	                1 Bit    Registers := 31    
+---Multipliers : 
	                32x32  Multipliers := 1     
+---RAMs : 
	              32K Bit         RAMs := 1     
+---Muxes : 
	  16 Input     64 Bit        Muxes := 1     
	   2 Input     32 Bit        Muxes := 25    
	   4 Input     32 Bit        Muxes := 1     
	   3 Input     32 Bit        Muxes := 1     
	   2 Input      5 Bit        Muxes := 3     
	   2 Input      4 Bit        Muxes := 6     
	  15 Input      4 Bit        Muxes := 1     
	  25 Input      4 Bit        Muxes := 2     
	   4 Input      4 Bit        Muxes := 1     
	  25 Input      3 Bit        Muxes := 2     
	   6 Input      3 Bit        Muxes := 1     
	   2 Input      3 Bit        Muxes := 1     
	  25 Input      2 Bit        Muxes := 13    
	   4 Input      2 Bit        Muxes := 1     
	   2 Input      2 Bit        Muxes := 5     
	   6 Input      2 Bit        Muxes := 1     
	  16 Input      2 Bit        Muxes := 1     
	   2 Input      1 Bit        Muxes := 44    
	   3 Input      1 Bit        Muxes := 10    
	   4 Input      1 Bit        Muxes := 6     
	  25 Input      1 Bit        Muxes := 20    
---------------------------------------------------------------------------------
Finished RTL Component Statistics 
---------------------------------------------------------------------------------
---------------------------------------------------------------------------------
Start RTL Hierarchical Component Statistics 
---------------------------------------------------------------------------------
Hierarchical RTL Component report 
Module Mux32Bit2To1 
Detailed RTL Component Info : 
+---Muxes : 
	   2 Input     32 Bit        Muxes := 1     
Module ProgramCounter 
Detailed RTL Component Info : 
+---Registers : 
	               32 Bit    Registers := 1     
Module PCAdder 
Detailed RTL Component Info : 
+---Adders : 
	   2 Input     32 Bit       Adders := 1     
Module FetchDecodeReg 
Detailed RTL Component Info : 
+---Registers : 
	               32 Bit    Registers := 2     
Module Xor2Gate 
Detailed RTL Component Info : 
+---XORs : 
	   2 Input      1 Bit         XORs := 1     
Module Mux5Bit2To1 
Detailed RTL Component Info : 
+---Muxes : 
	   2 Input      5 Bit        Muxes := 1     
Module RegisterFile 
Detailed RTL Component Info : 
+---Registers : 
	               32 Bit    Registers := 32    
+---Muxes : 
	   2 Input     32 Bit        Muxes := 1     
	   2 Input      1 Bit        Muxes := 33    
Module Controller 
Detailed RTL Component Info : 
+---Muxes : 
	   2 Input      4 Bit        Muxes := 6     
	  15 Input      4 Bit        Muxes := 1     
	  25 Input      4 Bit        Muxes := 2     
	   4 Input      4 Bit        Muxes := 1     
	  25 Input      3 Bit        Muxes := 2     
	   6 Input      3 Bit        Muxes := 1     
	   2 Input      3 Bit        Muxes := 1     
	  25 Input      2 Bit        Muxes := 13    
	   4 Input      2 Bit        Muxes := 1     
	   2 Input      2 Bit        Muxes := 5     
	   6 Input      2 Bit        Muxes := 1     
	   2 Input      1 Bit        Muxes := 10    
	   3 Input      1 Bit        Muxes := 9     
	   4 Input      1 Bit        Muxes := 6     
	  25 Input      1 Bit        Muxes := 20    
Module Adder32 
Detailed RTL Component Info : 
+---Adders : 
	   2 Input     32 Bit       Adders := 1     
Module CheckEqual 
Detailed RTL Component Info : 
+---Adders : 
	   3 Input     32 Bit       Adders := 1     
+---Muxes : 
	   2 Input     32 Bit        Muxes := 1     
Module DecodeExecuteReg 
Detailed RTL Component Info : 
+---Registers : 
	               32 Bit    Registers := 4     
	                5 Bit    Registers := 3     
	                4 Bit    Registers := 1     
	                2 Bit    Registers := 1     
	                1 Bit    Registers := 18    
Module SignExtensionHalfByte 
Detailed RTL Component Info : 
+---Muxes : 
	   2 Input     32 Bit        Muxes := 1     
Module ALU32Bit 
Detailed RTL Component Info : 
+---Adders : 
	   2 Input     64 Bit       Adders := 2     
	   3 Input     64 Bit       Adders := 1     
	   2 Input     32 Bit       Adders := 1     
	   3 Input     32 Bit       Adders := 1     
+---XORs : 
	   2 Input     32 Bit         XORs := 1     
	   2 Input      1 Bit         XORs := 32    
+---Multipliers : 
	                32x32  Multipliers := 1     
+---Muxes : 
	  16 Input     64 Bit        Muxes := 1     
	   2 Input     32 Bit        Muxes := 3     
	   4 Input     32 Bit        Muxes := 1     
	  16 Input      2 Bit        Muxes := 1     
Module ExecuteMemoryReg 
Detailed RTL Component Info : 
+---Registers : 
	               32 Bit    Registers := 3     
	                5 Bit    Registers := 1     
	                1 Bit    Registers := 10    
Module DataMemory 
Detailed RTL Component Info : 
+---RAMs : 
	              32K Bit         RAMs := 1     
+---Muxes : 
	   3 Input     32 Bit        Muxes := 1     
	   2 Input     32 Bit        Muxes := 1     
	   3 Input      1 Bit        Muxes := 1     
	   2 Input      1 Bit        Muxes := 1     
Module HILORegisters 
Detailed RTL Component Info : 
+---Registers : 
	               32 Bit    Registers := 2     
Module MemoryWriteBackReg 
Detailed RTL Component Info : 
+---Registers : 
	               32 Bit    Registers := 2     
	                5 Bit    Registers := 1     
	                1 Bit    Registers := 3     
---------------------------------------------------------------------------------
Finished RTL Hierarchical Component Statistics
---------------------------------------------------------------------------------
---------------------------------------------------------------------------------
Start Part Resource Summary
---------------------------------------------------------------------------------
Part Resources:
DSPs: 240 (col length:80)
BRAMs: 270 (col length: RAMB18 80 RAMB36 40)
---------------------------------------------------------------------------------
Finished Part Resource Summary
---------------------------------------------------------------------------------
Start Parallel Synthesis Optimization  : Time (s): cpu = 00:00:13 ; elapsed = 00:00:13 . Memory (MB): peak = 631.832 ; gain = 460.316
---------------------------------------------------------------------------------
Start Cross Boundary Optimization
---------------------------------------------------------------------------------
DSP Report: Generating DSP ALUResult2, operation Mode is: A*B.
DSP Report: operator ALUResult2 is absorbed into DSP ALUResult2.
DSP Report: operator ALUResult2 is absorbed into DSP ALUResult2.
DSP Report: Generating DSP ALUResult2, operation Mode is: (PCIN>>17)+A*B.
DSP Report: operator ALUResult2 is absorbed into DSP ALUResult2.
DSP Report: operator ALUResult2 is absorbed into DSP ALUResult2.
DSP Report: Generating DSP ALUResult2, operation Mode is: A*B.
DSP Report: operator ALUResult2 is absorbed into DSP ALUResult2.
DSP Report: operator ALUResult2 is absorbed into DSP ALUResult2.
DSP Report: Generating DSP ALUResult2, operation Mode is: (PCIN>>17)+A*B.
DSP Report: operator ALUResult2 is absorbed into DSP ALUResult2.
DSP Report: operator ALUResult2 is absorbed into DSP ALUResult2.
DSP Report: Generating DSP multResult0, operation Mode is: A*B.
DSP Report: operator multResult0 is absorbed into DSP multResult0.
DSP Report: operator multResult0 is absorbed into DSP multResult0.
DSP Report: Generating DSP multResult0, operation Mode is: (PCIN>>17)+A*B.
DSP Report: operator multResult0 is absorbed into DSP multResult0.
DSP Report: operator multResult0 is absorbed into DSP multResult0.
DSP Report: Generating DSP multResult0, operation Mode is: A*B.
DSP Report: operator multResult0 is absorbed into DSP multResult0.
DSP Report: operator multResult0 is absorbed into DSP multResult0.
DSP Report: Generating DSP multResult0, operation Mode is: (PCIN>>17)+A*B.
DSP Report: operator multResult0 is absorbed into DSP multResult0.
DSP Report: operator multResult0 is absorbed into DSP multResult0.
INFO: [Synth 8-5545] ROM "takeBranch/Zero" won't be mapped to RAM because address size (32) is larger than maximum supported(25)
---------------------------------------------------------------------------------
Finished Cross Boundary Optimization : Time (s): cpu = 00:00:14 ; elapsed = 00:00:15 . Memory (MB): peak = 631.832 ; gain = 460.316
---------------------------------------------------------------------------------
Finished Parallel Reinference  : Time (s): cpu = 00:00:14 ; elapsed = 00:00:15 . Memory (MB): peak = 631.832 ; gain = 460.316

Report RTL Partitions: 
+-+--------------+------------+----------+
| |RTL Partition |Replication |Instances |
+-+--------------+------------+----------+
+-+--------------+------------+----------+
---------------------------------------------------------------------------------
Start ROM, RAM, DSP and Shift Register Reporting
---------------------------------------------------------------------------------

ROM:
+------------------+------------+---------------+----------------+
|Module Name       | RTL Object | Depth x Width | Implemented As | 
+------------------+------------+---------------+----------------+
|InstructionMemory | rom        | 1024x32       | LUT            | 
|InstructionMemory | rom        | 1024x32       | LUT            | 
+------------------+------------+---------------+----------------+


Distributed RAM: 
+------------+------------+-----------+----------------------+-------------------+-----------------------------+
|Module Name | RTL Object | Inference | Size (Depth x Width) | Primitives        | Hierarchical Name           | 
+------------+------------+-----------+----------------------+-------------------+-----------------------------+
|Processor   | memory_reg | Implied   | 1 K x 32             | RAM256X1S x 128   | Processor/DataMemory/ram__1 | 
+------------+------------+-----------+----------------------+-------------------+-----------------------------+

Note: The table above shows the Distributed RAMs at the current stage of the synthesis flow. Some Distributed RAMs may be reimplemented as non Distributed RAM primitives later in the synthesis flow. Multiple instantiated RAMs are reported only once. "Hierarchical Name" reflects the Distributed RAM name as it appears in the hierarchical module and only part of it is displayed.
DSP:
+------------+----------------+--------------+--------+--------+--------+--------+--------+------+------+------+------+-------+------+------+
|Module Name | DSP Mapping    | Neg Edge Clk | A Size | B Size | C Size | D Size | P Size | AREG | BREG | CREG | DREG | ADREG | MREG | PREG | 
+------------+----------------+--------------+--------+--------+--------+--------+--------+------+------+------+------+-------+------+------+
|ALU32Bit    | A*B            | No           | 18     | 16     | 48     | 25     | 48     | 0    | 0    | 1    | 1    | 1     | 0    | 0    | 
|ALU32Bit    | (PCIN>>17)+A*B | No           | 16     | 16     | 30     | 25     | 30     | 0    | 0    | 1    | 1    | 1     | 0    | 0    | 
|ALU32Bit    | A*B            | No           | 18     | 18     | 48     | 25     | 48     | 0    | 0    | 1    | 1    | 1     | 0    | 0    | 
|ALU32Bit    | (PCIN>>17)+A*B | No           | 18     | 16     | 31     | 25     | 47     | 0    | 0    | 1    | 1    | 1     | 0    | 0    | 
|ALU32Bit    | A*B            | No           | 18     | 15     | 48     | 25     | 48     | 0    | 0    | 1    | 1    | 1     | 0    | 0    | 
|ALU32Bit    | (PCIN>>17)+A*B | No           | 15     | 15     | 48     | 25     | 48     | 0    | 0    | 1    | 1    | 1     | 0    | 0    | 
|ALU32Bit    | A*B            | No           | 18     | 18     | 48     | 25     | 48     | 0    | 0    | 1    | 1    | 1     | 0    | 0    | 
|ALU32Bit    | (PCIN>>17)+A*B | No           | 18     | 15     | 48     | 25     | 48     | 0    | 0    | 1    | 1    | 1     | 0    | 0    | 
+------------+----------------+--------------+--------+--------+--------+--------+--------+------+------+------+------+-------+------+------+

Note: The table above shows the DSPs inferred at the current stage of the synthesis flow. Some DSP may be reimplemented as non DSP primitives later in the synthesis flow. Multiple instantiated DSPs are reported only once.
---------------------------------------------------------------------------------
Finished ROM, RAM, DSP and Shift Register Reporting
---------------------------------------------------------------------------------
---------------------------------------------------------------------------------
Start Area Optimization
---------------------------------------------------------------------------------
---------------------------------------------------------------------------------
Finished Area Optimization : Time (s): cpu = 00:00:19 ; elapsed = 00:00:20 . Memory (MB): peak = 631.832 ; gain = 460.316
---------------------------------------------------------------------------------
Finished Parallel Area Optimization  : Time (s): cpu = 00:00:19 ; elapsed = 00:00:20 . Memory (MB): peak = 631.832 ; gain = 460.316

Report RTL Partitions: 
+-+--------------+------------+----------+
| |RTL Partition |Replication |Instances |
+-+--------------+------------+----------+
+-+--------------+------------+----------+
---------------------------------------------------------------------------------
Start Timing Optimization
---------------------------------------------------------------------------------
---------------------------------------------------------------------------------
Start Applying XDC Timing Constraints
---------------------------------------------------------------------------------
---------------------------------------------------------------------------------
Finished Applying XDC Timing Constraints : Time (s): cpu = 00:00:30 ; elapsed = 00:00:31 . Memory (MB): peak = 668.078 ; gain = 496.563
---------------------------------------------------------------------------------
---------------------------------------------------------------------------------
Finished Timing Optimization : Time (s): cpu = 00:00:30 ; elapsed = 00:00:32 . Memory (MB): peak = 669.039 ; gain = 497.523
---------------------------------------------------------------------------------

Report RTL Partitions: 
+-+--------------+------------+----------+
| |RTL Partition |Replication |Instances |
+-+--------------+------------+----------+
+-+--------------+------------+----------+
---------------------------------------------------------------------------------
Start Technology Mapping
---------------------------------------------------------------------------------
---------------------------------------------------------------------------------
Finished Technology Mapping : Time (s): cpu = 00:00:31 ; elapsed = 00:00:33 . Memory (MB): peak = 691.930 ; gain = 520.414
---------------------------------------------------------------------------------
Finished Parallel Technology Mapping Optimization  : Time (s): cpu = 00:00:31 ; elapsed = 00:00:33 . Memory (MB): peak = 691.930 ; gain = 520.414

Report RTL Partitions: 
+-+--------------+------------+----------+
| |RTL Partition |Replication |Instances |
+-+--------------+------------+----------+
+-+--------------+------------+----------+
Finished Parallel Synthesis Optimization  : Time (s): cpu = 00:00:31 ; elapsed = 00:00:33 . Memory (MB): peak = 691.930 ; gain = 520.414
---------------------------------------------------------------------------------
Start IO Insertion
---------------------------------------------------------------------------------
---------------------------------------------------------------------------------
Start Flattening Before IO Insertion
---------------------------------------------------------------------------------
---------------------------------------------------------------------------------
Finished Flattening Before IO Insertion
---------------------------------------------------------------------------------
---------------------------------------------------------------------------------
Start Final Netlist Cleanup
---------------------------------------------------------------------------------
---------------------------------------------------------------------------------
Finished Final Netlist Cleanup
---------------------------------------------------------------------------------
---------------------------------------------------------------------------------
Finished IO Insertion : Time (s): cpu = 00:00:32 ; elapsed = 00:00:33 . Memory (MB): peak = 691.930 ; gain = 520.414
---------------------------------------------------------------------------------

Report Check Netlist: 
+------+------------------+-------+---------+-------+------------------+
|      |Item              |Errors |Warnings |Status |Description       |
+------+------------------+-------+---------+-------+------------------+
|1     |multi_driven_nets |      0|        0|Passed |Multi driven nets |
+------+------------------+-------+---------+-------+------------------+
---------------------------------------------------------------------------------
Start Renaming Generated Instances
---------------------------------------------------------------------------------
---------------------------------------------------------------------------------
Finished Renaming Generated Instances : Time (s): cpu = 00:00:32 ; elapsed = 00:00:33 . Memory (MB): peak = 691.930 ; gain = 520.414
---------------------------------------------------------------------------------

Report RTL Partitions: 
+-+--------------+------------+----------+
| |RTL Partition |Replication |Instances |
+-+--------------+------------+----------+
+-+--------------+------------+----------+
---------------------------------------------------------------------------------
Start Rebuilding User Hierarchy
---------------------------------------------------------------------------------
---------------------------------------------------------------------------------
Finished Rebuilding User Hierarchy : Time (s): cpu = 00:00:32 ; elapsed = 00:00:33 . Memory (MB): peak = 691.930 ; gain = 520.414
---------------------------------------------------------------------------------
---------------------------------------------------------------------------------
Start Renaming Generated Ports
---------------------------------------------------------------------------------
---------------------------------------------------------------------------------
Finished Renaming Generated Ports : Time (s): cpu = 00:00:32 ; elapsed = 00:00:33 . Memory (MB): peak = 691.930 ; gain = 520.414
---------------------------------------------------------------------------------
---------------------------------------------------------------------------------
Start Handling Custom Attributes
---------------------------------------------------------------------------------
---------------------------------------------------------------------------------
Finished Handling Custom Attributes : Time (s): cpu = 00:00:32 ; elapsed = 00:00:34 . Memory (MB): peak = 691.930 ; gain = 520.414
---------------------------------------------------------------------------------
---------------------------------------------------------------------------------
Start Renaming Generated Nets
---------------------------------------------------------------------------------
---------------------------------------------------------------------------------
Finished Renaming Generated Nets : Time (s): cpu = 00:00:32 ; elapsed = 00:00:34 . Memory (MB): peak = 691.930 ; gain = 520.414
---------------------------------------------------------------------------------
---------------------------------------------------------------------------------
Start Writing Synthesis Report
---------------------------------------------------------------------------------

Report BlackBoxes: 
+-+--------------+----------+
| |BlackBox name |Instances |
+-+--------------+----------+
+-+--------------+----------+

Report Cell Usage: 
+------+----------+------+
|      |Cell      |Count |
+------+----------+------+
|1     |BUFG      |     1|
|2     |CARRY4    |   104|
|3     |DSP48E1   |     8|
|4     |LUT1      |   108|
|5     |LUT2      |   269|
|6     |LUT3      |   529|
|7     |LUT4      |   232|
|8     |LUT5      |   359|
|9     |LUT6      |  1319|
|10    |MUXF7     |   275|
|11    |MUXF8     |     5|
|12    |RAM256X1S |   128|
|13    |FDRE      |  1598|
|14    |IBUF      |     2|
+------+----------+------+

Report Instance Areas: 
+------+------------------------+---------------------+------+
|      |Instance                |Module               |Cells |
+------+------------------------+---------------------+------+
|1     |top                     |                     |  4937|
|2     |  JumpOrBranchMux       |Mux32Bit2To1__10     |    32|
|3     |  PCSrcMux              |Mux32Bit2To1__11     |    32|
|4     |  pc                    |ProgramCounter       |    32|
|5     |  pcadd                 |PCAdder              |    39|
|6     |  im                    |InstructionMemory    |   144|
|7     |  IfId                  |FetchDecodeReg       |    64|
|8     |  fwdCtrl               |ForwardingController |    16|
|9     |  depCheck              |IsZero               |     7|
|10    |  ShfRSMux              |Mux5Bit2To1__2       |     5|
|11    |  ShfRTMux              |Mux5Bit2To1          |     5|
|12    |  rf                    |RegisterFile         |  1986|
|13    |  DecodeForwardRSWBMux  |Mux32Bit2To1__12     |    32|
|14    |  DecodeForwardRTWBMux  |Mux32Bit2To1__13     |    32|
|15    |  JumpImmOrReg          |Mux32Bit2To1__14     |    32|
|16    |  se                    |SignExtension        |    17|
|17    |  ctrl                  |Controller           |   100|
|18    |  de                    |DecodeExecuteReg     |   167|
|19    |  ExecuteForwardRSWBMux |Mux32Bit2To1__15     |    32|
|20    |  ExecuteForwardRTWBMux |Mux32Bit2To1__16     |    32|
|21    |  ALU                   |ALU32Bit             |  1140|
|22    |  em                    |ExecuteMemoryReg     |   111|
|23    |  data_memory           |DataMemory           |   265|
|24    |  hilo                  |HILORegisters        |   128|
|25    |  memtoreg              |Mux32Bit2To1         |    32|
|26    |  RegDstMux             |Mux5Bit2To1__3       |     5|
|27    |  SEHBMux               |Mux32Bit2To1__17     |    32|
|28    |  addj                  |Adder32              |    39|
|29    |  mw                    |MemoryWriteBackReg   |   129|
|30    |  takeBranch            |CheckEqual           |   116|
+------+------------------------+---------------------+------+
---------------------------------------------------------------------------------
Finished Writing Synthesis Report : Time (s): cpu = 00:00:32 ; elapsed = 00:00:34 . Memory (MB): peak = 691.930 ; gain = 520.414
---------------------------------------------------------------------------------
Synthesis finished with 0 errors, 0 critical warnings and 0 warnings.
Synthesis Optimization Runtime : Time (s): cpu = 00:00:23 ; elapsed = 00:00:28 . Memory (MB): peak = 691.930 ; gain = 172.445
Synthesis Optimization Complete : Time (s): cpu = 00:00:32 ; elapsed = 00:00:34 . Memory (MB): peak = 691.930 ; gain = 520.414
INFO: [Project 1-571] Translating synthesized netlist
INFO: [Netlist 29-17] Analyzing 242 Unisim elements for replacement
INFO: [Netlist 29-28] Unisim Transformation completed in 0 CPU seconds
INFO: [Project 1-570] Preparing netlist for logic optimization
INFO: [Opt 31-138] Pushed 1 inverter(s) to 64 load pin(s).
INFO: [Project 1-111] Unisim Transformation Summary:
  A total of 128 instances were transformed.
  RAM256X1S => RAM256X1S (MUXF7, MUXF7, MUXF8, RAMS64E, RAMS64E, RAMS64E, RAMS64E): 128 instances

INFO: [Common 17-83] Releasing license: Synthesis
135 Infos, 0 Warnings, 0 Critical Warnings and 0 Errors encountered.
synth_design completed successfully
synth_design: Time (s): cpu = 00:00:32 ; elapsed = 00:00:33 . Memory (MB): peak = 691.930 ; gain = 487.316
report_utilization: Time (s): cpu = 00:00:00 ; elapsed = 00:00:00.031 . Memory (MB): peak = 691.930 ; gain = 0.000
INFO: [Common 17-206] Exiting Vivado at Mon Nov 13 15:12:13 2017...
