Unable to capture context for thread 4184 in process 11536, can not generate back trace
Unable to capture context for thread 2144 in process 11536, can not generate back trace
Unable to capture context for thread 4624 in process 11536, can not generate back trace
Unable to capture context for thread 9788 in process 11536, can not generate back trace
Exception at PC 0x00007FF8E9759E08
Exception at PC 0x00007FF8E9759E08
Unable to capture context for thread 360 in process 11536, can not generate back trace
Unable to capture context for thread 1280 in process 11536, can not generate back trace
Unable to capture context for thread 8344 in process 11536, can not generate back trace
Exception at PC 0x00007FF8E9759E08
Unable to capture context for thread 360 in process 11536, can not generate back trace
Unable to capture context for thread 1280 in process 11536, can not generate back trace
Unable to capture context for thread 8344 in process 11536, can not generate back trace
Exception at PC 0x00007FF86AD4BB93
Printing stacktrace...

Exception at PC 0x00007FF8E9759E08
Exception at PC 0x00007FF8E9759E08
Exception at PC 0x00007FF8E9759E08
Exception at PC 0x00007FF8E9759E08
Exception at PC 0x00007FF8E9759E08
Exception at PC 0x00007FF8E9759E08
Exception at PC 0x00007FF8E9759E08
Exception at PC 0x00007FF8E9759E08
Exception at PC 0x00007FF8E9759E08
Exception at PC 0x00007FF8E9759E08
Exception at PC 0x00007FF8E9759E08
[0]  [0x00007FF86AD4BB93]
[1]  [0x00007FF86AD4BB93]
[2]  [0x00007FF86AD4B4A1]
[3]  [0x00007FF86AD4B3EF]
[4]  [0x00007FF86AD319FE]
[5]  [0x00007FF86AD30ED1]
[6]  [0x00007FF86AD30D76]
[7]  [0x00007FF86ACD79F6]
[8]  [0x00007FF86ACC7AFB]
[9]  [0x00007FF86ADEE90A]
[10]  [0x00007FF86AE09F87]
[11]  [0x00007FF86AE0A05F]
[12] (BaseThreadInitThunk+0x14) [0x00007FF8EC432774]
[13] (RtlUserThreadStart+0x21) [0x00007FF8EC730D51]
Done
Exception at PC 0x00007FF8E9759E08
Exception at PC 0x00007FF8E9759E08
Exception at PC 0x00007FF8E9759E08
Exception at PC 0x00007FF8E9759E08
