Unable to capture context for thread 14852 in process 12868, can not generate back trace
Unable to capture context for thread 10956 in process 12868, can not generate back trace
Unable to capture context for thread 1060 in process 12868, can not generate back trace
Exception at PC 0x00007FFCEB963FB8
Unable to capture context for thread 1060 in process 12868, can not generate back trace
Exception at PC 0x00007FFC7852BB93
Printing stacktrace...

Exception at PC 0x00007FFCEB963FB8
Exception at PC 0x00007FFCEB963FB8
Exception at PC 0x00007FFCEB963FB8
Exception at PC 0x00007FFCEB963FB8
Exception at PC 0x00007FFCEB963FB8
Exception at PC 0x00007FFCEB963FB8
Exception at PC 0x00007FFCEB963FB8
Exception at PC 0x00007FFCEB963FB8
Exception at PC 0x00007FFCEB963FB8
Exception at PC 0x00007FFCEB963FB8
Exception at PC 0x00007FFCEB963FB8
Exception at PC 0x00007FFCEB963FB8
Exception at PC 0x00007FFCEB963FB8
[0]  [0x00007FFC7852BB93]
[1]  [0x00007FFC7852BB93]
[2]  [0x00007FFC7852B4A1]
[3]  [0x00007FFC7852B3EF]
[4]  [0x00007FFC785119FE]
[5]  [0x00007FFC78510ED1]
[6]  [0x00007FFC78510D76]
[7]  [0x00007FFC784B79F6]
[8]  [0x00007FFC784A7AFB]
[9]  [0x00007FFC785CE90A]
[10]  [0x00007FFC785E9F87]
[11]  [0x00007FFC785EA05F]
[12] (BaseThreadInitThunk+0x14) [0x00007FFCEE681FE4]
[13] (RtlUserThreadStart+0x21) [0x00007FFCEF55EF91]
Done
Exception at PC 0x00007FFCEB963FB8
Exception at PC 0x00007FFCEB963FB8
Exception at PC 0x00007FFCEB963FB8
Exception at PC 0x00007FFCEB963FB8
