Vivado Simulator 2015.4
Copyright 1986-1999, 2001-2015 Xilinx, Inc. All Rights Reserved.
Running: C:/Xilinx/Vivado/2015.4/bin/unwrapped/win64.o/xelab.exe -wto 4f802cfe9de148118a99b4259f613aa0 --debug typical --relax --mt 2 --maxdelay -L xil_defaultlib -L simprims_ver -L secureip --snapshot Processor_tb_time_impl -transport_int_delays -pulse_r 0 -pulse_int_r 0 xil_defaultlib.Processor_tb xil_defaultlib.glbl -log elaborate.log 
Using 2 slave threads.
Starting static elaboration
Completed static elaboration
Starting simulation data flow analysis
Completed simulation data flow analysis
INFO: [XSIM 43-3451] SDF backannotation process started with SDF file "Processor_tb_time_impl.sdf", for root module "Processor_tb/u0".
INFO: [XSIM 43-3452] SDF backannotation was successful for SDF file "Processor_tb_time_impl.sdf", for root module "Processor_tb/u0".
Time Resolution for simulation is 1ps
Compiling module simprims_ver.DSP48E1(ACASCREG=0,ALUMODEREG=0,...
Compiling module simprims_ver.LUT5
Compiling module simprims_ver.LUT6
Compiling module simprims_ver.LUT4
Compiling module simprims_ver.x_lut2_mux4
Compiling module simprims_ver.LUT2
Compiling module simprims_ver.CARRY4
Compiling module simprims_ver.x_lut3_mux4
Compiling module simprims_ver.x_lut3_mux4_reduced_0
Compiling module simprims_ver.LUT3
Compiling module simprims_ver.MUXF8
Compiling module simprims_ver.MUXF7
Compiling module xil_defaultlib.ALU32Bit
Compiling module simprims_ver.BUFG
Compiling module simprims_ver.IBUF
Compiling module xil_defaultlib.Mux32Bit2To1__12
Compiling module xil_defaultlib.Mux32Bit2To1__13
Compiling module xil_defaultlib.Mux32Bit2To1__15
Compiling module xil_defaultlib.Mux32Bit2To1__16
Compiling module simprims_ver.sffsrce_fdre
Compiling module simprims_ver.FDRE
Compiling module xil_defaultlib.FetchDecodeReg
Compiling module xil_defaultlib.Mux32Bit2To1__14
Compiling module xil_defaultlib.Mux32Bit2To1__10
Compiling module xil_defaultlib.Mux32Bit2To1__11
Compiling module xil_defaultlib.Mux5Bit2To1__3
Compiling module xil_defaultlib.Mux32Bit2To1__17
Compiling module xil_defaultlib.Mux5Bit2To1__2
Compiling module xil_defaultlib.Mux5Bit2To1
Compiling module xil_defaultlib.Adder32
Compiling module xil_defaultlib.Controller
Compiling module simprims_ver.RAMS64E(RAM_ADDRESS_SPACE=2'b11)
Compiling module simprims_ver.RAMS64E(RAM_ADDRESS_SPACE=2'b10)
Compiling module simprims_ver.RAMS64E(RAM_ADDRESS_SPACE=2'b01)
Compiling module simprims_ver.RAMS64E
Compiling module xil_defaultlib.RAM256X1S_UNIQ_BASE_
Compiling module xil_defaultlib.RAM256X1S_HD1
Compiling module xil_defaultlib.RAM256X1S_HD2
Compiling module xil_defaultlib.RAM256X1S_HD3
Compiling module xil_defaultlib.RAM256X1S_HD4
Compiling module xil_defaultlib.RAM256X1S_HD5
Compiling module xil_defaultlib.RAM256X1S_HD6
Compiling module xil_defaultlib.RAM256X1S_HD7
Compiling module xil_defaultlib.RAM256X1S_HD8
Compiling module xil_defaultlib.RAM256X1S_HD9
Compiling module xil_defaultlib.RAM256X1S_HD10
Compiling module xil_defaultlib.RAM256X1S_HD11
Compiling module xil_defaultlib.RAM256X1S_HD12
Compiling module xil_defaultlib.RAM256X1S_HD13
Compiling module xil_defaultlib.RAM256X1S_HD14
Compiling module xil_defaultlib.RAM256X1S_HD15
Compiling module xil_defaultlib.RAM256X1S_HD16
Compiling module xil_defaultlib.RAM256X1S_HD17
Compiling module xil_defaultlib.RAM256X1S_HD18
Compiling module xil_defaultlib.RAM256X1S_HD19
Compiling module xil_defaultlib.RAM256X1S_HD20
Compiling module xil_defaultlib.RAM256X1S_HD21
Compiling module xil_defaultlib.RAM256X1S_HD22
Compiling module xil_defaultlib.RAM256X1S_HD23
Compiling module xil_defaultlib.RAM256X1S_HD24
Compiling module xil_defaultlib.RAM256X1S_HD25
Compiling module xil_defaultlib.RAM256X1S_HD26
Compiling module xil_defaultlib.RAM256X1S_HD27
Compiling module xil_defaultlib.RAM256X1S_HD28
Compiling module xil_defaultlib.RAM256X1S_HD29
Compiling module xil_defaultlib.RAM256X1S_HD30
Compiling module xil_defaultlib.RAM256X1S_HD31
Compiling module xil_defaultlib.RAM256X1S_HD32
Compiling module xil_defaultlib.RAM256X1S_HD33
Compiling module xil_defaultlib.RAM256X1S_HD34
Compiling module xil_defaultlib.RAM256X1S_HD35
Compiling module xil_defaultlib.RAM256X1S_HD36
Compiling module xil_defaultlib.RAM256X1S_HD37
Compiling module xil_defaultlib.RAM256X1S_HD38
Compiling module xil_defaultlib.RAM256X1S_HD39
Compiling module xil_defaultlib.RAM256X1S_HD40
Compiling module xil_defaultlib.RAM256X1S_HD41
Compiling module xil_defaultlib.RAM256X1S_HD42
Compiling module xil_defaultlib.RAM256X1S_HD43
Compiling module xil_defaultlib.RAM256X1S_HD44
Compiling module xil_defaultlib.RAM256X1S_HD45
Compiling module xil_defaultlib.RAM256X1S_HD46
Compiling module xil_defaultlib.RAM256X1S_HD47
Compiling module xil_defaultlib.RAM256X1S_HD48
Compiling module xil_defaultlib.RAM256X1S_HD49
Compiling module xil_defaultlib.RAM256X1S_HD50
Compiling module xil_defaultlib.RAM256X1S_HD51
Compiling module xil_defaultlib.RAM256X1S_HD52
Compiling module xil_defaultlib.RAM256X1S_HD53
Compiling module xil_defaultlib.RAM256X1S_HD54
Compiling module xil_defaultlib.RAM256X1S_HD55
Compiling module xil_defaultlib.RAM256X1S_HD56
Compiling module xil_defaultlib.RAM256X1S_HD57
Compiling module xil_defaultlib.RAM256X1S_HD58
Compiling module xil_defaultlib.RAM256X1S_HD59
Compiling module xil_defaultlib.RAM256X1S_HD60
Compiling module xil_defaultlib.RAM256X1S_HD61
Compiling module xil_defaultlib.RAM256X1S_HD62
Compiling module xil_defaultlib.RAM256X1S_HD63
Compiling module xil_defaultlib.RAM256X1S_HD64
Compiling module xil_defaultlib.RAM256X1S_HD65
Compiling module xil_defaultlib.RAM256X1S_HD66
Compiling module xil_defaultlib.RAM256X1S_HD67
Compiling module xil_defaultlib.RAM256X1S_HD68
Compiling module xil_defaultlib.RAM256X1S_HD69
Compiling module xil_defaultlib.RAM256X1S_HD70
Compiling module xil_defaultlib.RAM256X1S_HD71
Compiling module xil_defaultlib.RAM256X1S_HD72
Compiling module xil_defaultlib.RAM256X1S_HD73
Compiling module xil_defaultlib.RAM256X1S_HD74
Compiling module xil_defaultlib.RAM256X1S_HD75
Compiling module xil_defaultlib.RAM256X1S_HD76
Compiling module xil_defaultlib.RAM256X1S_HD77
Compiling module xil_defaultlib.RAM256X1S_HD78
Compiling module xil_defaultlib.RAM256X1S_HD79
Compiling module xil_defaultlib.RAM256X1S_HD80
Compiling module xil_defaultlib.RAM256X1S_HD81
Compiling module xil_defaultlib.RAM256X1S_HD82
Compiling module xil_defaultlib.RAM256X1S_HD83
Compiling module xil_defaultlib.RAM256X1S_HD84
Compiling module xil_defaultlib.RAM256X1S_HD85
Compiling module xil_defaultlib.RAM256X1S_HD86
Compiling module xil_defaultlib.RAM256X1S_HD87
Compiling module xil_defaultlib.RAM256X1S_HD88
Compiling module xil_defaultlib.RAM256X1S_HD89
Compiling module xil_defaultlib.RAM256X1S_HD90
Compiling module xil_defaultlib.RAM256X1S_HD91
Compiling module xil_defaultlib.RAM256X1S_HD92
Compiling module xil_defaultlib.RAM256X1S_HD93
Compiling module xil_defaultlib.RAM256X1S_HD94
Compiling module xil_defaultlib.RAM256X1S_HD95
Compiling module xil_defaultlib.RAM256X1S_HD96
Compiling module xil_defaultlib.RAM256X1S_HD97
Compiling module xil_defaultlib.RAM256X1S_HD98
Compiling module xil_defaultlib.RAM256X1S_HD99
Compiling module xil_defaultlib.RAM256X1S_HD100
Compiling module xil_defaultlib.RAM256X1S_HD101
Compiling module xil_defaultlib.RAM256X1S_HD102
Compiling module xil_defaultlib.RAM256X1S_HD103
Compiling module xil_defaultlib.RAM256X1S_HD104
Compiling module xil_defaultlib.RAM256X1S_HD105
Compiling module xil_defaultlib.RAM256X1S_HD106
Compiling module xil_defaultlib.RAM256X1S_HD107
Compiling module xil_defaultlib.RAM256X1S_HD108
Compiling module xil_defaultlib.RAM256X1S_HD109
Compiling module xil_defaultlib.RAM256X1S_HD110
Compiling module xil_defaultlib.RAM256X1S_HD111
Compiling module xil_defaultlib.RAM256X1S_HD112
Compiling module xil_defaultlib.RAM256X1S_HD113
Compiling module xil_defaultlib.RAM256X1S_HD114
Compiling module xil_defaultlib.RAM256X1S_HD115
Compiling module xil_defaultlib.RAM256X1S_HD116
Compiling module xil_defaultlib.RAM256X1S_HD117
Compiling module xil_defaultlib.RAM256X1S_HD118
Compiling module xil_defaultlib.RAM256X1S_HD119
Compiling module xil_defaultlib.RAM256X1S_HD120
Compiling module xil_defaultlib.RAM256X1S_HD121
Compiling module xil_defaultlib.RAM256X1S_HD122
Compiling module xil_defaultlib.RAM256X1S_HD123
Compiling module xil_defaultlib.RAM256X1S_HD124
Compiling module xil_defaultlib.RAM256X1S_HD125
Compiling module xil_defaultlib.RAM256X1S_HD126
Compiling module xil_defaultlib.RAM256X1S_HD127
Compiling module xil_defaultlib.DataMemory
Compiling module xil_defaultlib.DecodeExecuteReg
Compiling module xil_defaultlib.IsZero
Compiling module xil_defaultlib.ExecuteMemoryReg
Compiling module xil_defaultlib.ForwardingController
Compiling module simprims_ver.x_lut1_mux2
Compiling module simprims_ver.LUT1
Compiling module xil_defaultlib.HILORegisters
Compiling module xil_defaultlib.InstructionMemory
Compiling module xil_defaultlib.Mux32Bit2To1
Compiling module xil_defaultlib.MemoryWriteBackReg
Compiling module xil_defaultlib.ProgramCounter
Compiling module xil_defaultlib.PCAdder
Compiling module simprims_ver.FDRE(IS_C_INVERTED=1'b1)
Compiling module xil_defaultlib.RegisterFile
Compiling module xil_defaultlib.SignExtension
Compiling module xil_defaultlib.CheckEqual
Compiling module xil_defaultlib.Processor
Compiling module xil_defaultlib.Processor_tb
Compiling module xil_defaultlib.glbl
Waiting for 8 sub-compilation(s) to finish...
Built simulation snapshot Processor_tb_time_impl
