Copyright 1986-2016 Xilinx, Inc. All Rights Reserved.
-------------------------------------------------------------------------------------------------------------------------------------------------
| Tool Version     : Vivado v.2016.2 (win64) Build 1577090 Thu Jun  2 16:32:40 MDT 2016
| Date             : Tue Dec 05 22:38:48 2017
| Host             : RyanDesktop running 64-bit major release  (build 9200)
| Command          : report_power -file Processor_power_routed.rpt -pb Processor_power_summary_routed.pb -rpx Processor_power_routed.rpx
| Design           : Processor
| Device           : xc7a100tcsg324-1
| Design State     : routed
| Grade            : commercial
| Process          : typical
| Characterization : Production
-------------------------------------------------------------------------------------------------------------------------------------------------

Power Report

Table of Contents
-----------------
1. Summary
1.1 On-Chip Components
1.2 Power Supply Summary
1.3 Confidence Level
2. Settings
2.1 Environment
2.2 Clock Constraints
3. Detailed Reports
3.1 By Hierarchy

1. Summary
----------

+--------------------------+----------------------------------+
| Total On-Chip Power (W)  | 25.798 (Junction temp exceeded!) |
| Dynamic (W)              | 25.002                           |
| Device Static (W)        | 0.797                            |
| Effective TJA (C/W)      | 4.6                              |
| Max Ambient (C)          | 0.0                              |
| Junction Temperature (C) | 125.0                            |
| Confidence Level         | Low                              |
| Setting File             | ---                              |
| Simulation Activity File | ---                              |
| Design Nets Matched      | NA                               |
+--------------------------+----------------------------------+


1.1 On-Chip Components
----------------------

+--------------------------+-----------+----------+-----------+-----------------+
| On-Chip                  | Power (W) | Used     | Available | Utilization (%) |
+--------------------------+-----------+----------+-----------+-----------------+
| Slice Logic              |     9.211 |     6051 |       --- |             --- |
|   LUT as Logic           |     6.402 |     2490 |     63400 |            3.93 |
|   LUT as Distributed RAM |     1.922 |      544 |     19000 |            2.86 |
|   F7/F8 Muxes            |     0.357 |      713 |     63400 |            1.12 |
|   CARRY4                 |     0.355 |      104 |     15850 |            0.66 |
|   Register               |     0.169 |     1702 |    126800 |            1.34 |
|   BUFG                   |     0.006 |        1 |        32 |            3.13 |
|   Others                 |     0.000 |       15 |       --- |             --- |
| Signals                  |    15.419 |     4442 |       --- |             --- |
| DSPs                     |     0.368 |        8 |       240 |            3.33 |
| I/O                      |     0.004 |        2 |       210 |            0.95 |
| Static Power             |     0.797 |          |           |                 |
| Total                    |    25.798 |          |           |                 |
+--------------------------+-----------+----------+-----------+-----------------+


1.2 Power Supply Summary
------------------------

+-----------+-------------+-----------+-------------+------------+
| Source    | Voltage (V) | Total (A) | Dynamic (A) | Static (A) |
+-----------+-------------+-----------+-------------+------------+
| Vccint    |       1.000 |    25.564 |      25.002 |      0.563 |
| Vccaux    |       1.800 |     0.093 |       0.000 |      0.093 |
| Vcco33    |       3.300 |     0.004 |       0.000 |      0.004 |
| Vcco25    |       2.500 |     0.000 |       0.000 |      0.000 |
| Vcco18    |       1.800 |     0.000 |       0.000 |      0.000 |
| Vcco15    |       1.500 |     0.000 |       0.000 |      0.000 |
| Vcco135   |       1.350 |     0.000 |       0.000 |      0.000 |
| Vcco12    |       1.200 |     0.000 |       0.000 |      0.000 |
| Vccaux_io |       1.800 |     0.000 |       0.000 |      0.000 |
| Vccbram   |       1.000 |     0.018 |       0.000 |      0.018 |
| MGTAVcc   |       1.000 |     0.000 |       0.000 |      0.000 |
| MGTAVtt   |       1.200 |     0.000 |       0.000 |      0.000 |
| Vccadc    |       1.800 |     0.020 |       0.000 |      0.020 |
+-----------+-------------+-----------+-------------+------------+


1.3 Confidence Level
--------------------

+-----------------------------+------------+--------------------------------------------------------+--------------------------------------------------------------------------------------------------------------------+
| User Input Data             | Confidence | Details                                                | Action                                                                                                             |
+-----------------------------+------------+--------------------------------------------------------+--------------------------------------------------------------------------------------------------------------------+
| Design implementation state | High       | Design is routed                                       |                                                                                                                    |
| Clock nodes activity        | Low        | User specified less than 75% of clocks                 | Provide missing clock activity with a constraint file, simulation results or by editing the "By Clock Domain" view |
| I/O nodes activity          | Low        | More than 75% of inputs are missing user specification | Provide missing input activity with simulation results or by editing the "By Resource Type -> I/Os" view           |
| Internal nodes activity     | Medium     | User specified less than 25% of internal nodes         | Provide missing internal nodes activity with simulation results or by editing the "By Resource Type" views         |
| Device models               | High       | Device models are Production                           |                                                                                                                    |
|                             |            |                                                        |                                                                                                                    |
| Overall confidence level    | Low        |                                                        |                                                                                                                    |
+-----------------------------+------------+--------------------------------------------------------+--------------------------------------------------------------------------------------------------------------------+


2. Settings
-----------

2.1 Environment
---------------

+-----------------------+--------------------------+
| Ambient Temp (C)      | 25.0                     |
| ThetaJA (C/W)         | 4.6                      |
| Airflow (LFM)         | 250                      |
| Heat Sink             | medium (Medium Profile)  |
| ThetaSA (C/W)         | 4.6                      |
| Board Selection       | medium (10"x10")         |
| # of Board Layers     | 12to15 (12 to 15 Layers) |
| Board Temperature (C) | 25.0                     |
+-----------------------+--------------------------+


2.2 Clock Constraints
---------------------

+-------+--------+-----------------+
| Clock | Domain | Constraint (ns) |
+-------+--------+-----------------+


3. Detailed Reports
-------------------

3.1 By Hierarchy
----------------

+-------------------------------+-----------+
| Name                          | Power (W) |
+-------------------------------+-----------+
| Processor                     |    25.002 |
|   ALU                         |     4.062 |
|   ALUImmMux                   |     0.032 |
|   DecodeForwardRSWBMux        |     0.242 |
|   DecodeForwardRTWBMux        |     0.237 |
|   ExecuteForwardRSMemMux      |     0.119 |
|   ExecuteForwardRSWBMux       |     0.100 |
|   ExecuteForwardRTMemMux      |     0.153 |
|   ExecuteForwardRTWBMux       |     0.105 |
|   IfId                        |     0.188 |
|   JumpImmOrReg                |     0.071 |
|   JumpOrBranchMux             |     0.217 |
|   LUIMux                      |     0.483 |
|   PCSrcMux                    |     0.158 |
|   RegDstMux                   |    <0.001 |
|   ShfRSMux                    |     0.022 |
|   ShfRTMux                    |     0.043 |
|   addj                        |     0.213 |
|   ctrl                        |     0.088 |
|   data_memory                 |     5.078 |
|     memory_reg_0_15_0_0       |     0.004 |
|     memory_reg_0_15_0_0__0    |     0.002 |
|     memory_reg_0_15_0_0__1    |     0.002 |
|     memory_reg_0_15_0_0__10   |     0.004 |
|     memory_reg_0_15_0_0__11   |     0.003 |
|     memory_reg_0_15_0_0__12   |     0.002 |
|     memory_reg_0_15_0_0__13   |     0.002 |
|     memory_reg_0_15_0_0__14   |     0.002 |
|     memory_reg_0_15_0_0__15   |     0.007 |
|     memory_reg_0_15_0_0__16   |     0.002 |
|     memory_reg_0_15_0_0__17   |     0.002 |
|     memory_reg_0_15_0_0__18   |     0.003 |
|     memory_reg_0_15_0_0__19   |     0.006 |
|     memory_reg_0_15_0_0__2    |     0.005 |
|     memory_reg_0_15_0_0__20   |     0.002 |
|     memory_reg_0_15_0_0__21   |     0.004 |
|     memory_reg_0_15_0_0__22   |     0.007 |
|     memory_reg_0_15_0_0__23   |     0.006 |
|     memory_reg_0_15_0_0__24   |     0.002 |
|     memory_reg_0_15_0_0__25   |     0.005 |
|     memory_reg_0_15_0_0__26   |     0.003 |
|     memory_reg_0_15_0_0__27   |     0.003 |
|     memory_reg_0_15_0_0__28   |     0.002 |
|     memory_reg_0_15_0_0__29   |     0.004 |
|     memory_reg_0_15_0_0__3    |     0.004 |
|     memory_reg_0_15_0_0__30   |     0.003 |
|     memory_reg_0_15_0_0__4    |     0.002 |
|     memory_reg_0_15_0_0__5    |     0.002 |
|     memory_reg_0_15_0_0__6    |     0.003 |
|     memory_reg_0_15_0_0__7    |     0.004 |
|     memory_reg_0_15_0_0__8    |     0.004 |
|     memory_reg_0_15_0_0__9    |     0.002 |
|     memory_reg_0_255_0_0      |     0.021 |
|     memory_reg_0_255_10_10    |     0.016 |
|     memory_reg_0_255_11_11    |     0.018 |
|     memory_reg_0_255_12_12    |     0.013 |
|     memory_reg_0_255_13_13    |     0.013 |
|     memory_reg_0_255_14_14    |     0.013 |
|     memory_reg_0_255_15_15    |     0.015 |
|     memory_reg_0_255_16_16    |     0.027 |
|     memory_reg_0_255_17_17    |     0.024 |
|     memory_reg_0_255_18_18    |     0.025 |
|     memory_reg_0_255_19_19    |     0.028 |
|     memory_reg_0_255_1_1      |     0.019 |
|     memory_reg_0_255_20_20    |     0.024 |
|     memory_reg_0_255_21_21    |     0.026 |
|     memory_reg_0_255_22_22    |     0.025 |
|     memory_reg_0_255_23_23    |     0.029 |
|     memory_reg_0_255_24_24    |     0.024 |
|     memory_reg_0_255_25_25    |     0.016 |
|     memory_reg_0_255_26_26    |     0.024 |
|     memory_reg_0_255_27_27    |     0.028 |
|     memory_reg_0_255_28_28    |     0.028 |
|     memory_reg_0_255_29_29    |     0.026 |
|     memory_reg_0_255_2_2      |     0.017 |
|     memory_reg_0_255_30_30    |     0.024 |
|     memory_reg_0_255_31_31    |     0.025 |
|     memory_reg_0_255_3_3      |     0.020 |
|     memory_reg_0_255_4_4      |     0.015 |
|     memory_reg_0_255_5_5      |     0.016 |
|     memory_reg_0_255_6_6      |     0.015 |
|     memory_reg_0_255_7_7      |     0.019 |
|     memory_reg_0_255_8_8      |     0.015 |
|     memory_reg_0_255_9_9      |     0.023 |
|     memory_reg_256_511_0_0    |     0.020 |
|     memory_reg_256_511_10_10  |     0.016 |
|     memory_reg_256_511_11_11  |     0.018 |
|     memory_reg_256_511_12_12  |     0.013 |
|     memory_reg_256_511_13_13  |     0.012 |
|     memory_reg_256_511_14_14  |     0.012 |
|     memory_reg_256_511_15_15  |     0.014 |
|     memory_reg_256_511_16_16  |     0.026 |
|     memory_reg_256_511_17_17  |     0.027 |
|     memory_reg_256_511_18_18  |     0.027 |
|     memory_reg_256_511_19_19  |     0.027 |
|     memory_reg_256_511_1_1    |     0.015 |
|     memory_reg_256_511_20_20  |     0.027 |
|     memory_reg_256_511_21_21  |     0.026 |
|     memory_reg_256_511_22_22  |     0.027 |
|     memory_reg_256_511_23_23  |     0.027 |
|     memory_reg_256_511_24_24  |     0.027 |
|     memory_reg_256_511_25_25  |     0.013 |
|     memory_reg_256_511_26_26  |     0.029 |
|     memory_reg_256_511_27_27  |     0.027 |
|     memory_reg_256_511_28_28  |     0.024 |
|     memory_reg_256_511_29_29  |     0.025 |
|     memory_reg_256_511_2_2    |     0.017 |
|     memory_reg_256_511_30_30  |     0.025 |
|     memory_reg_256_511_31_31  |     0.026 |
|     memory_reg_256_511_3_3    |     0.018 |
|     memory_reg_256_511_4_4    |     0.013 |
|     memory_reg_256_511_5_5    |     0.016 |
|     memory_reg_256_511_6_6    |     0.015 |
|     memory_reg_256_511_7_7    |     0.015 |
|     memory_reg_256_511_8_8    |     0.014 |
|     memory_reg_256_511_9_9    |     0.021 |
|     memory_reg_512_767_0_0    |     0.019 |
|     memory_reg_512_767_10_10  |     0.016 |
|     memory_reg_512_767_11_11  |     0.019 |
|     memory_reg_512_767_12_12  |     0.013 |
|     memory_reg_512_767_13_13  |     0.014 |
|     memory_reg_512_767_14_14  |     0.012 |
|     memory_reg_512_767_15_15  |     0.013 |
|     memory_reg_512_767_16_16  |     0.027 |
|     memory_reg_512_767_17_17  |     0.025 |
|     memory_reg_512_767_18_18  |     0.026 |
|     memory_reg_512_767_19_19  |     0.028 |
|     memory_reg_512_767_1_1    |     0.016 |
|     memory_reg_512_767_20_20  |     0.024 |
|     memory_reg_512_767_21_21  |     0.026 |
|     memory_reg_512_767_22_22  |     0.024 |
|     memory_reg_512_767_23_23  |     0.026 |
|     memory_reg_512_767_24_24  |     0.026 |
|     memory_reg_512_767_25_25  |     0.012 |
|     memory_reg_512_767_26_26  |     0.026 |
|     memory_reg_512_767_27_27  |     0.029 |
|     memory_reg_512_767_28_28  |     0.026 |
|     memory_reg_512_767_29_29  |     0.023 |
|     memory_reg_512_767_2_2    |     0.018 |
|     memory_reg_512_767_30_30  |     0.027 |
|     memory_reg_512_767_31_31  |     0.025 |
|     memory_reg_512_767_3_3    |     0.017 |
|     memory_reg_512_767_4_4    |     0.013 |
|     memory_reg_512_767_5_5    |     0.013 |
|     memory_reg_512_767_6_6    |     0.016 |
|     memory_reg_512_767_7_7    |     0.014 |
|     memory_reg_512_767_8_8    |     0.014 |
|     memory_reg_512_767_9_9    |     0.021 |
|     memory_reg_768_1023_0_0   |     0.021 |
|     memory_reg_768_1023_10_10 |     0.017 |
|     memory_reg_768_1023_11_11 |     0.018 |
|     memory_reg_768_1023_12_12 |     0.013 |
|     memory_reg_768_1023_13_13 |     0.014 |
|     memory_reg_768_1023_14_14 |     0.012 |
|     memory_reg_768_1023_15_15 |     0.013 |
|     memory_reg_768_1023_16_16 |     0.032 |
|     memory_reg_768_1023_17_17 |     0.027 |
|     memory_reg_768_1023_18_18 |     0.027 |
|     memory_reg_768_1023_19_19 |     0.028 |
|     memory_reg_768_1023_1_1   |     0.015 |
|     memory_reg_768_1023_20_20 |     0.029 |
|     memory_reg_768_1023_21_21 |     0.026 |
|     memory_reg_768_1023_22_22 |     0.026 |
|     memory_reg_768_1023_23_23 |     0.027 |
|     memory_reg_768_1023_24_24 |     0.025 |
|     memory_reg_768_1023_25_25 |     0.013 |
|     memory_reg_768_1023_26_26 |     0.027 |
|     memory_reg_768_1023_27_27 |     0.028 |
|     memory_reg_768_1023_28_28 |     0.030 |
|     memory_reg_768_1023_29_29 |     0.027 |
|     memory_reg_768_1023_2_2   |     0.017 |
|     memory_reg_768_1023_30_30 |     0.024 |
|     memory_reg_768_1023_31_31 |     0.023 |
|     memory_reg_768_1023_3_3   |     0.019 |
|     memory_reg_768_1023_4_4   |     0.013 |
|     memory_reg_768_1023_5_5   |     0.013 |
|     memory_reg_768_1023_6_6   |     0.014 |
|     memory_reg_768_1023_7_7   |     0.015 |
|     memory_reg_768_1023_8_8   |     0.014 |
|     memory_reg_768_1023_9_9   |     0.021 |
|   de                          |     0.729 |
|   depCheck                    |     0.051 |
|   em                          |     6.252 |
|   forwardWBMemMux             |     0.195 |
|   fwdCtrl                     |     0.013 |
|   hilo                        |    <0.001 |
|   hzdDetect                   |     0.008 |
|   im                          |     0.330 |
|   memtoreg                    |     2.763 |
|   mw                          |     0.246 |
|   pc                          |     0.281 |
|   pcadd                       |     0.093 |
|   rf                          |     0.533 |
|   se                          |     0.029 |
|   sehb                        |     0.023 |
|   takeBranch                  |     1.575 |
+-------------------------------+-----------+


