
*** Running vivado
    with args -log Processor.vdi -applog -m64 -messageDb vivado.pb -mode batch -source Processor.tcl -notrace


****** Vivado v2016.2 (64-bit)
  **** SW Build 1577090 on Thu Jun  2 16:32:40 MDT 2016
  **** IP Build 1577682 on Fri Jun  3 12:00:54 MDT 2016
    ** Copyright 1986-2016 Xilinx, Inc. All Rights Reserved.

source Processor.tcl -notrace
Design is defaulting to srcset: sources_1
Design is defaulting to constrset: constrs_1
INFO: [Netlist 29-17] Analyzing 130 Unisim elements for replacement
INFO: [Netlist 29-28] Unisim Transformation completed in 0 CPU seconds
INFO: [Project 1-479] Netlist was created with Vivado 2016.2
INFO: [Device 21-403] Loading part xc7a100tcsg324-1
INFO: [Project 1-570] Preparing netlist for logic optimization
Parsing XDC File [D:/Users/Ryan/Documents/ECE369a/lab369a/LAB8-11/DatapathComponents/constrants.xdc]
Finished Parsing XDC File [D:/Users/Ryan/Documents/ECE369a/lab369a/LAB8-11/DatapathComponents/constrants.xdc]
INFO: [Opt 31-138] Pushed 0 inverter(s) to 0 load pin(s).
INFO: [Project 1-111] Unisim Transformation Summary:
  A total of 32 instances were transformed.
  RAM256X1S => RAM256X1S (MUXF7, MUXF7, MUXF8, RAMS64E, RAMS64E, RAMS64E, RAMS64E): 32 instances

INFO: [Vivado_Tcl 4-424] Cannot write hardware definition file as there are no IPI block design hardware handoff files present
Command: opt_design
Attempting to get a license for feature 'Implementation' and/or device 'xc7a100t'
INFO: [Common 17-349] Got license for feature 'Implementation' and/or device 'xc7a100t'
Running DRC as a precondition to command opt_design

Starting DRC Task
INFO: [DRC 23-27] Running DRC with 2 threads
INFO: [Project 1-461] DRC finished with 0 Errors
INFO: [Project 1-462] Please refer to the DRC report (report_drc) for more information.

Time (s): cpu = 00:00:01 ; elapsed = 00:00:00.081 . Memory (MB): peak = 459.512 ; gain = 1.641
INFO: [Timing 38-35] Done setting XDC timing constraints.

Starting Logic Optimization Task
Implement Debug Cores | Checksum: 1bb31b360

Phase 1 Retarget
INFO: [Opt 31-138] Pushed 0 inverter(s) to 0 load pin(s).
INFO: [Opt 31-49] Retargeted 0 cell(s).
Phase 1 Retarget | Checksum: 1bb31b360

Time (s): cpu = 00:00:00 ; elapsed = 00:00:00.181 . Memory (MB): peak = 900.609 ; gain = 0.004

Phase 2 Constant Propagation
INFO: [Opt 31-138] Pushed 0 inverter(s) to 0 load pin(s).
INFO: [Opt 31-10] Eliminated 138 cells.
Phase 2 Constant Propagation | Checksum: 1702635b1

Time (s): cpu = 00:00:00 ; elapsed = 00:00:00.278 . Memory (MB): peak = 900.609 ; gain = 0.004

Phase 3 Sweep
INFO: [Opt 31-12] Eliminated 526 unconnected nets.
INFO: [Opt 31-11] Eliminated 178 unconnected cells.
Phase 3 Sweep | Checksum: 15fe5388b

Time (s): cpu = 00:00:01 ; elapsed = 00:00:00.455 . Memory (MB): peak = 900.609 ; gain = 0.004

Starting Connectivity Check Task

Time (s): cpu = 00:00:00 ; elapsed = 00:00:00.003 . Memory (MB): peak = 900.609 ; gain = 0.000
Ending Logic Optimization Task | Checksum: 15fe5388b

Time (s): cpu = 00:00:01 ; elapsed = 00:00:00.464 . Memory (MB): peak = 900.609 ; gain = 0.004

Starting Power Optimization Task
INFO: [Pwropt 34-132] Skipping clock gating for clocks with a period < 2.00 ns.
INFO: [Pwropt 34-9] Applying IDT optimizations ...
INFO: [Pwropt 34-10] Applying ODC optimizations ...
INFO: [Timing 38-35] Done setting XDC timing constraints.
WARNING: [Power 33-232] No user defined clocks were found in the design!
Resolution: Please specify clocks using create_clock/create_generated_clock for sequential elements. For pure combinatorial circuits, please specify a virtual clock, otherwise the vectorless estimation might be inaccurate
Running Vector-less Activity Propagation...

Finished Running Vector-less Activity Propagation


Starting PowerOpt Patch Enables Task
INFO: [Pwropt 34-162] WRITE_MODE attribute of 0 BRAM(s) out of a total of 2 has been updated to save power. Run report_power_opt to get a complete listing of the BRAMs updated.
INFO: [Pwropt 34-201] Structural ODC has moved 0 WE to EN ports
Number of BRAM Ports augmented: 0 newly gated: 2 Total Ports: 4
Ending PowerOpt Patch Enables Task | Checksum: 1e83a4f23

Time (s): cpu = 00:00:00 ; elapsed = 00:00:00.009 . Memory (MB): peak = 966.391 ; gain = 0.000
Ending Power Optimization Task | Checksum: 1e83a4f23

Time (s): cpu = 00:00:01 ; elapsed = 00:00:00.764 . Memory (MB): peak = 966.391 ; gain = 65.781
INFO: [Common 17-83] Releasing license: Implementation
26 Infos, 1 Warnings, 0 Critical Warnings and 0 Errors encountered.
opt_design completed successfully
opt_design: Time (s): cpu = 00:00:10 ; elapsed = 00:00:09 . Memory (MB): peak = 966.391 ; gain = 508.520
Writing placer database...
Writing XDEF routing.
Writing XDEF routing logical nets.
Writing XDEF routing special nets.
Write XDEF Complete: Time (s): cpu = 00:00:00 ; elapsed = 00:00:00.025 . Memory (MB): peak = 966.391 ; gain = 0.000
INFO: [DRC 23-27] Running DRC with 2 threads
INFO: [Coretcl 2-168] The results of DRC are in file D:/Users/Ryan/Documents/ECE369a/lab369a/LAB8-11/DatapathComponents/lab8-11/lab8-11.runs/impl_1/Processor_drc_opted.rpt.
INFO: [Chipscope 16-241] No debug cores found in the current design.
Before running the implement_debug_core command, either use the Set Up Debug wizard (GUI mode)
or use the create_debug_core and connect_debug_core Tcl commands to insert debug cores into the design.
Command: place_design
Attempting to get a license for feature 'Implementation' and/or device 'xc7a100t'
INFO: [Common 17-349] Got license for feature 'Implementation' and/or device 'xc7a100t'
INFO: [DRC 23-27] Running DRC with 2 threads
INFO: [Vivado_Tcl 4-198] DRC finished with 0 Errors
INFO: [Vivado_Tcl 4-199] Please refer to the DRC report (report_drc) for more information.
Running DRC as a precondition to command place_design
INFO: [DRC 23-27] Running DRC with 2 threads
INFO: [Vivado_Tcl 4-198] DRC finished with 0 Errors
INFO: [Vivado_Tcl 4-199] Please refer to the DRC report (report_drc) for more information.

Starting Placer Task
INFO: [Place 30-611] Multithreading enabled for place_design using a maximum of 2 CPUs

Phase 1 Placer Initialization
Netlist sorting complete. Time (s): cpu = 00:00:00 ; elapsed = 00:00:00.001 . Memory (MB): peak = 966.391 ; gain = 0.000
INFO: [Timing 38-35] Done setting XDC timing constraints.
INFO: [Opt 31-138] Pushed 0 inverter(s) to 0 load pin(s).
Netlist sorting complete. Time (s): cpu = 00:00:00 ; elapsed = 00:00:00.002 . Memory (MB): peak = 966.391 ; gain = 0.000

Phase 1.1 IO Placement/ Clock Placement/ Build Placer Device

Phase 1.1.1 ParallelPlaceIOClockAndInitTop

Phase 1.1.1.1 Pre-Place Cells
Phase 1.1.1.1 Pre-Place Cells | Checksum: 97d2039a

Time (s): cpu = 00:00:01 ; elapsed = 00:00:00.192 . Memory (MB): peak = 966.391 ; gain = 0.000

Phase 1.1.1.2 Constructing HAPIClkRuleMgr
Phase 1.1.1.2 Constructing HAPIClkRuleMgr | Checksum: 97d2039a

Time (s): cpu = 00:00:01 ; elapsed = 00:00:00.214 . Memory (MB): peak = 966.391 ; gain = 0.000
INFO: [Timing 38-35] Done setting XDC timing constraints.

Phase 1.1.1.3 IO and Clk Clean Up

Phase 1.1.1.3.1 Constructing HAPIClkRuleMgr
Phase 1.1.1.3.1 Constructing HAPIClkRuleMgr | Checksum: 97d2039a

Time (s): cpu = 00:00:02 ; elapsed = 00:00:00.948 . Memory (MB): peak = 966.391 ; gain = 0.000
Phase 1.1.1.3 IO and Clk Clean Up | Checksum: 97d2039a

Time (s): cpu = 00:00:02 ; elapsed = 00:00:00.955 . Memory (MB): peak = 966.391 ; gain = 0.000

Phase 1.1.1.4 Implementation Feasibility check On IDelay
Phase 1.1.1.4 Implementation Feasibility check On IDelay | Checksum: 97d2039a

Time (s): cpu = 00:00:02 ; elapsed = 00:00:00.958 . Memory (MB): peak = 966.391 ; gain = 0.000

Phase 1.1.1.5 Commit IO Placement
Phase 1.1.1.5 Commit IO Placement | Checksum: b4aa3284

Time (s): cpu = 00:00:02 ; elapsed = 00:00:00.958 . Memory (MB): peak = 966.391 ; gain = 0.000
Phase 1.1.1 ParallelPlaceIOClockAndInitTop | Checksum: b4aa3284

Time (s): cpu = 00:00:02 ; elapsed = 00:00:00.958 . Memory (MB): peak = 966.391 ; gain = 0.000
Phase 1.1 IO Placement/ Clock Placement/ Build Placer Device | Checksum: 19ecec5a2

Time (s): cpu = 00:00:02 ; elapsed = 00:00:00.959 . Memory (MB): peak = 966.391 ; gain = 0.000

Phase 1.2 Build Placer Netlist Model

Phase 1.2.1 Place Init Design

Phase 1.2.1.1 Make Others
Phase 1.2.1.1 Make Others | Checksum: 224a111ae

Time (s): cpu = 00:00:02 ; elapsed = 00:00:01 . Memory (MB): peak = 966.391 ; gain = 0.000
Phase 1.2.1 Place Init Design | Checksum: 1e63e75f0

Time (s): cpu = 00:00:02 ; elapsed = 00:00:01 . Memory (MB): peak = 966.391 ; gain = 0.000
Phase 1.2 Build Placer Netlist Model | Checksum: 1e63e75f0

Time (s): cpu = 00:00:02 ; elapsed = 00:00:01 . Memory (MB): peak = 966.391 ; gain = 0.000

Phase 1.3 Constrain Clocks/Macros
Phase 1.3 Constrain Clocks/Macros | Checksum: 1e63e75f0

Time (s): cpu = 00:00:02 ; elapsed = 00:00:01 . Memory (MB): peak = 966.391 ; gain = 0.000
Phase 1 Placer Initialization | Checksum: 1e63e75f0

Time (s): cpu = 00:00:02 ; elapsed = 00:00:01 . Memory (MB): peak = 966.391 ; gain = 0.000

Phase 2 Global Placement
Phase 2 Global Placement | Checksum: 1217f8ac8

Time (s): cpu = 00:00:03 ; elapsed = 00:00:02 . Memory (MB): peak = 966.391 ; gain = 0.000

Phase 3 Detail Placement

Phase 3.1 Commit Multi Column Macros
Phase 3.1 Commit Multi Column Macros | Checksum: 1217f8ac8

Time (s): cpu = 00:00:03 ; elapsed = 00:00:02 . Memory (MB): peak = 966.391 ; gain = 0.000

Phase 3.2 Commit Most Macros & LUTRAMs
Phase 3.2 Commit Most Macros & LUTRAMs | Checksum: 15bcc2764

Time (s): cpu = 00:00:03 ; elapsed = 00:00:02 . Memory (MB): peak = 966.391 ; gain = 0.000

Phase 3.3 Area Swap Optimization
Phase 3.3 Area Swap Optimization | Checksum: 164cb16c0

Time (s): cpu = 00:00:03 ; elapsed = 00:00:02 . Memory (MB): peak = 966.391 ; gain = 0.000

Phase 3.4 Small Shape Detail Placement
Phase 3.4 Small Shape Detail Placement | Checksum: 1eac93a55

Time (s): cpu = 00:00:04 ; elapsed = 00:00:02 . Memory (MB): peak = 966.391 ; gain = 0.000

Phase 3.5 Re-assign LUT pins
Phase 3.5 Re-assign LUT pins | Checksum: 1eac93a55

Time (s): cpu = 00:00:04 ; elapsed = 00:00:02 . Memory (MB): peak = 966.391 ; gain = 0.000

Phase 3.6 Pipeline Register Optimization
Phase 3.6 Pipeline Register Optimization | Checksum: 1eac93a55

Time (s): cpu = 00:00:04 ; elapsed = 00:00:02 . Memory (MB): peak = 966.391 ; gain = 0.000
Phase 3 Detail Placement | Checksum: 1eac93a55

Time (s): cpu = 00:00:04 ; elapsed = 00:00:02 . Memory (MB): peak = 966.391 ; gain = 0.000

Phase 4 Post Placement Optimization and Clean-Up

Phase 4.1 Post Commit Optimization
Phase 4.1 Post Commit Optimization | Checksum: 1eac93a55

Time (s): cpu = 00:00:04 ; elapsed = 00:00:02 . Memory (MB): peak = 966.391 ; gain = 0.000

Phase 4.2 Sweep Clock Roots: Post-Placement
Phase 4.2 Sweep Clock Roots: Post-Placement | Checksum: 1eac93a55

Time (s): cpu = 00:00:04 ; elapsed = 00:00:02 . Memory (MB): peak = 966.391 ; gain = 0.000

Phase 4.3 Post Placement Cleanup
Phase 4.3 Post Placement Cleanup | Checksum: 1eac93a55

Time (s): cpu = 00:00:04 ; elapsed = 00:00:02 . Memory (MB): peak = 966.391 ; gain = 0.000

Phase 4.4 Placer Reporting
Phase 4.4 Placer Reporting | Checksum: 1eac93a55

Time (s): cpu = 00:00:04 ; elapsed = 00:00:02 . Memory (MB): peak = 966.391 ; gain = 0.000

Phase 4.5 Final Placement Cleanup
Phase 4.5 Final Placement Cleanup | Checksum: 172958715

Time (s): cpu = 00:00:04 ; elapsed = 00:00:02 . Memory (MB): peak = 966.391 ; gain = 0.000
Phase 4 Post Placement Optimization and Clean-Up | Checksum: 172958715

Time (s): cpu = 00:00:04 ; elapsed = 00:00:02 . Memory (MB): peak = 966.391 ; gain = 0.000
Ending Placer Task | Checksum: e6d212d5

Time (s): cpu = 00:00:04 ; elapsed = 00:00:02 . Memory (MB): peak = 966.391 ; gain = 0.000
INFO: [Common 17-83] Releasing license: Implementation
41 Infos, 1 Warnings, 0 Critical Warnings and 0 Errors encountered.
place_design completed successfully
Writing placer database...
Writing XDEF routing.
Writing XDEF routing logical nets.
Writing XDEF routing special nets.
Write XDEF Complete: Time (s): cpu = 00:00:00 ; elapsed = 00:00:00.144 . Memory (MB): peak = 966.391 ; gain = 0.000
report_io: Time (s): cpu = 00:00:00 ; elapsed = 00:00:00.028 . Memory (MB): peak = 966.391 ; gain = 0.000
report_utilization: Time (s): cpu = 00:00:00 ; elapsed = 00:00:00.023 . Memory (MB): peak = 966.391 ; gain = 0.000
report_control_sets: Time (s): cpu = 00:00:00 ; elapsed = 00:00:00.004 . Memory (MB): peak = 966.391 ; gain = 0.000
Command: route_design
Attempting to get a license for feature 'Implementation' and/or device 'xc7a100t'
INFO: [Common 17-349] Got license for feature 'Implementation' and/or device 'xc7a100t'
Running DRC as a precondition to command route_design
INFO: [DRC 23-27] Running DRC with 2 threads
INFO: [Vivado_Tcl 4-198] DRC finished with 0 Errors
INFO: [Vivado_Tcl 4-199] Please refer to the DRC report (report_drc) for more information.


Starting Routing Task
INFO: [Route 35-254] Multithreading enabled for route_design using a maximum of 2 CPUs
Checksum: PlaceDB: 74e132f7 ConstDB: 0 ShapeSum: 71f0dfde RouteDB: 0

Phase 1 Build RT Design
Phase 1 Build RT Design | Checksum: 168b60fa7

Time (s): cpu = 00:00:26 ; elapsed = 00:00:24 . Memory (MB): peak = 1072.016 ; gain = 105.625

Phase 2 Router Initialization
INFO: [Route 35-64] No timing constraints were detected. The router will operate in resource-optimization mode.

Phase 2.1 Fix Topology Constraints
Phase 2.1 Fix Topology Constraints | Checksum: 168b60fa7

Time (s): cpu = 00:00:26 ; elapsed = 00:00:24 . Memory (MB): peak = 1075.992 ; gain = 109.602

Phase 2.2 Pre Route Cleanup
Phase 2.2 Pre Route Cleanup | Checksum: 168b60fa7

Time (s): cpu = 00:00:26 ; elapsed = 00:00:24 . Memory (MB): peak = 1075.992 ; gain = 109.602
 Number of Nodes with overlaps = 0
Phase 2 Router Initialization | Checksum: 18fb8c552

Time (s): cpu = 00:00:26 ; elapsed = 00:00:24 . Memory (MB): peak = 1090.402 ; gain = 124.012

Phase 3 Initial Routing
Phase 3 Initial Routing | Checksum: 14ea62c0b

Time (s): cpu = 00:00:27 ; elapsed = 00:00:24 . Memory (MB): peak = 1090.402 ; gain = 124.012

Phase 4 Rip-up And Reroute

Phase 4.1 Global Iteration 0
 Number of Nodes with overlaps = 221
 Number of Nodes with overlaps = 0
Phase 4.1 Global Iteration 0 | Checksum: 14308d0dc

Time (s): cpu = 00:00:27 ; elapsed = 00:00:24 . Memory (MB): peak = 1090.402 ; gain = 124.012
Phase 4 Rip-up And Reroute | Checksum: 14308d0dc

Time (s): cpu = 00:00:27 ; elapsed = 00:00:24 . Memory (MB): peak = 1090.402 ; gain = 124.012

Phase 5 Delay and Skew Optimization
Phase 5 Delay and Skew Optimization | Checksum: 14308d0dc

Time (s): cpu = 00:00:27 ; elapsed = 00:00:24 . Memory (MB): peak = 1090.402 ; gain = 124.012

Phase 6 Post Hold Fix

Phase 6.1 Hold Fix Iter
Phase 6.1 Hold Fix Iter | Checksum: 14308d0dc

Time (s): cpu = 00:00:27 ; elapsed = 00:00:24 . Memory (MB): peak = 1090.402 ; gain = 124.012
Phase 6 Post Hold Fix | Checksum: 14308d0dc

Time (s): cpu = 00:00:27 ; elapsed = 00:00:24 . Memory (MB): peak = 1090.402 ; gain = 124.012

Phase 7 Route finalize

Router Utilization Summary
  Global Vertical Routing Utilization    = 0.328676 %
  Global Horizontal Routing Utilization  = 0.354149 %
  Routable Net Status*
  *Does not include unroutable nets such as driverless and loadless.
  Run report_route_status for detailed report.
  Number of Failed Nets               = 0
  Number of Unrouted Nets             = 0
  Number of Partially Routed Nets     = 0
  Number of Node Overlaps             = 0

Congestion Report
North Dir 1x1 Area, Max Cong = 49.5495%, No Congested Regions.
South Dir 1x1 Area, Max Cong = 50.4505%, No Congested Regions.
East Dir 1x1 Area, Max Cong = 50%, No Congested Regions.
West Dir 1x1 Area, Max Cong = 50%, No Congested Regions.
Phase 7 Route finalize | Checksum: 14308d0dc

Time (s): cpu = 00:00:27 ; elapsed = 00:00:24 . Memory (MB): peak = 1090.402 ; gain = 124.012

Phase 8 Verifying routed nets

 Verification completed successfully
Phase 8 Verifying routed nets | Checksum: 14308d0dc

Time (s): cpu = 00:00:27 ; elapsed = 00:00:24 . Memory (MB): peak = 1090.402 ; gain = 124.012

Phase 9 Depositing Routes
Phase 9 Depositing Routes | Checksum: eb0a7348

Time (s): cpu = 00:00:27 ; elapsed = 00:00:24 . Memory (MB): peak = 1090.402 ; gain = 124.012
INFO: [Route 35-16] Router Completed Successfully

Time (s): cpu = 00:00:27 ; elapsed = 00:00:24 . Memory (MB): peak = 1090.402 ; gain = 124.012

Routing Is Done.
INFO: [Common 17-83] Releasing license: Implementation
49 Infos, 1 Warnings, 0 Critical Warnings and 0 Errors encountered.
route_design completed successfully
route_design: Time (s): cpu = 00:00:28 ; elapsed = 00:00:25 . Memory (MB): peak = 1090.402 ; gain = 124.012
Writing placer database...
Writing XDEF routing.
Writing XDEF routing logical nets.
Writing XDEF routing special nets.
Write XDEF Complete: Time (s): cpu = 00:00:01 ; elapsed = 00:00:00.190 . Memory (MB): peak = 1090.402 ; gain = 0.000
INFO: [DRC 23-27] Running DRC with 2 threads
INFO: [Coretcl 2-168] The results of DRC are in file D:/Users/Ryan/Documents/ECE369a/lab369a/LAB8-11/DatapathComponents/lab8-11/lab8-11.runs/impl_1/Processor_drc_routed.rpt.
INFO: [Timing 38-91] UpdateTimingParams: Speed grade: -1, Delay Type: min_max.
INFO: [Timing 38-191] Multithreading enabled for timing update using a maximum of 2 CPUs
WARNING: [Timing 38-313] There are no user specified timing constraints. Timing constraints are needed for proper timing analysis.
WARNING: [Power 33-232] No user defined clocks were found in the design!
Resolution: Please specify clocks using create_clock/create_generated_clock for sequential elements. For pure combinatorial circuits, please specify a virtual clock, otherwise the vectorless estimation might be inaccurate
Running Vector-less Activity Propagation...

Finished Running Vector-less Activity Propagation
INFO: [Common 17-206] Exiting Vivado at Wed Oct 18 12:25:46 2017...
