#-----------------------------------------------------------
# Vivado v2015.4.2 (64-bit)
# SW Build 1494164 on Fri Feb 26 04:18:56 MST 2016
# IP Build 1491208 on Wed Feb 24 03:25:39 MST 2016
# Start of session at: Wed Oct 25 14:00:31 2017
# Process ID: 13724
# Current directory: C:/Users/ryanjsims/lab369a/LAB8-11/DatapathComponents/project_1
# Command line: vivado.exe -gui_launcher_event rodinguilauncherevent3524 C:\Users\ryanjsims\lab369a\LAB8-11\DatapathComponents\project_1\project_1.xpr
# Log file: C:/Users/ryanjsims/lab369a/LAB8-11/DatapathComponents/project_1/vivado.log
# Journal file: C:/Users/ryanjsims/lab369a/LAB8-11/DatapathComponents/project_1\vivado.jou
#-----------------------------------------------------------
start_gui
open_project C:/Users/ryanjsims/lab369a/LAB8-11/DatapathComponents/project_1/project_1.xpr
Scanning sources...
Finished scanning sources
INFO: [IP_Flow 19-234] Refreshing IP repositories
INFO: [IP_Flow 19-1704] No user IP repositories specified
INFO: [IP_Flow 19-2313] Loaded Vivado IP repository 'C:/Xilinx/Vivado/2015.4/data/ip'.
close [ open C:/Users/ryanjsims/lab369a/LAB8-11/DatapathComponents/Or2Gate/Or2Gate.v w ]
add_files C:/Users/ryanjsims/lab369a/LAB8-11/DatapathComponents/Or2Gate/Or2Gate.v
update_compile_order -fileset sources_1
update_compile_order -fileset sources_1
exit
INFO: [Common 17-206] Exiting Vivado at Wed Oct 25 15:13:53 2017...
