Exception at PC 0x00007FFCEB963FB8
Unable to capture context for thread 35644 in process 5228, can not generate back trace
Unable to capture context for thread 14108 in process 5228, can not generate back trace
Unable to capture context for thread 25484 in process 5228, can not generate back trace
Exception at PC 0x00007FFCEB963FB8
Unable to capture context for thread 25484 in process 5228, can not generate back trace
Exception at PC 0x00007FFC6A2FBB93
Printing stacktrace...

Exception at PC 0x00007FFCEB963FB8
Exception at PC 0x00007FFCEB963FB8
Exception at PC 0x00007FFCEB963FB8
Exception at PC 0x00007FFCEB963FB8
Exception at PC 0x00007FFCEB963FB8
Exception at PC 0x00007FFCEB963FB8
Exception at PC 0x00007FFCEB963FB8
Exception at PC 0x00007FFCEB963FB8
Exception at PC 0x00007FFCEB963FB8
Exception at PC 0x00007FFCEB963FB8
Exception at PC 0x00007FFCEB963FB8
Exception at PC 0x00007FFCEB963FB8
[0]  [0x00007FFC6A2FBB93]
[1]  [0x00007FFC6A2FBB93]
[2]  [0x00007FFC6A2FB4A1]
[3]  [0x00007FFC6A2FB3EF]
[4]  [0x00007FFC6A2E19FE]
[5]  [0x00007FFC6A2E0ED1]
[6]  [0x00007FFC6A2E0D76]
[7]  [0x00007FFC6A2879F6]
[8]  [0x00007FFC6A277AFB]
[9]  [0x00007FFC6A39E90A]
[10]  [0x00007FFC6A3B9F87]
[11]  [0x00007FFC6A3BA05F]
[12] (BaseThreadInitThunk+0x14) [0x00007FFCEE681FE4]
[13] (RtlUserThreadStart+0x21) [0x00007FFCEF55EF91]
Done
Exception at PC 0x00007FFCEB963FB8
Exception at PC 0x00007FFCEB963FB8
Exception at PC 0x00007FFCEB963FB8
Exception at PC 0x00007FFCEB963FB8
